Flattening unmatched subcell dff_lower in circuit dff (0)(1 instance)
Flattening unmatched subcell dff_upper in circuit dff (0)(1 instance)
Equate elements:  no current cell.
Equate elements:  no current cell.

Subcircuit summary:
Circuit 1: inverter                        |Circuit 2: inverter                        
-------------------------------------------|-------------------------------------------
sky130_fd_pr__nfet_01v8 (1)                |sky130_fd_pr__nfet_01v8 (1)                
sky130_fd_pr__pfet_01v8 (1)                |sky130_fd_pr__pfet_01v8 (1)                
Number of devices: 2                       |Number of devices: 2                       
Number of nets: 4                          |Number of nets: 4                          
---------------------------------------------------------------------------------------
Circuits match uniquely.
Netlists match uniquely.

Subcircuit pins:
Circuit 1: inverter                        |Circuit 2: inverter                        
-------------------------------------------|-------------------------------------------
Y                                          |Y                                          
A                                          |A                                          
VP                                         |VP                                         
VN                                         |VN                                         
---------------------------------------------------------------------------------------
Cell pin lists are equivalent.
Device classes inverter and inverter are equivalent.

Subcircuit summary:
Circuit 1: nand2                           |Circuit 2: nand2                           
-------------------------------------------|-------------------------------------------
sky130_fd_pr__pfet_01v8 (2)                |sky130_fd_pr__pfet_01v8 (2)                
sky130_fd_pr__nfet_01v8 (2)                |sky130_fd_pr__nfet_01v8 (2)                
Number of devices: 4                       |Number of devices: 4                       
Number of nets: 6                          |Number of nets: 6                          
---------------------------------------------------------------------------------------
Circuits match uniquely.
Netlists match uniquely.

Subcircuit pins:
Circuit 1: nand2                           |Circuit 2: nand2                           
-------------------------------------------|-------------------------------------------
Y                                          |Y                                          
VN                                         |VN                                         
A                                          |A                                          
B                                          |B                                          
VP                                         |VP                                         
---------------------------------------------------------------------------------------
Cell pin lists are equivalent.
Device classes nand2 and nand2 are equivalent.

Subcircuit summary:
Circuit 1: and2                            |Circuit 2: and2                            
-------------------------------------------|-------------------------------------------
inverter (1)                               |inverter (1)                               
nand2 (1)                                  |nand2 (1)                                  
Number of devices: 2                       |Number of devices: 2                       
Number of nets: 6                          |Number of nets: 6                          
---------------------------------------------------------------------------------------
Circuits match uniquely.
Netlists match uniquely.

Subcircuit pins:
Circuit 1: and2                            |Circuit 2: and2                            
-------------------------------------------|-------------------------------------------
nand2_0/A                                  |A **Mismatch**                             
nand2_0/B                                  |B **Mismatch**                             
inverter_0/Y                               |Y **Mismatch**                             
nand2_0/VP                                 |VP **Mismatch**                            
VSUBS                                      |VN **Mismatch**                            
---------------------------------------------------------------------------------------
Cell pin lists are equivalent.
Device classes and2 and and2 are equivalent.

Subcircuit summary:
Circuit 1: dff                             |Circuit 2: dff                             
-------------------------------------------|-------------------------------------------
inverter (1)                               |inverter (1)                               
and2 (2)                                   |and2 (2)                                   
nand2 (4)                                  |nand2 (4)                                  
Number of devices: 7                       |Number of devices: 7                       
Number of nets: 13                         |Number of nets: 13                         
---------------------------------------------------------------------------------------
Circuits match uniquely.
Netlists match uniquely.

Subcircuit pins:
Circuit 1: dff                             |Circuit 2: dff                             
-------------------------------------------|-------------------------------------------
dff_upper_0/nand2_0/A                      |D **Mismatch**                             
dff_upper_0/nand2_0/B                      |CLK **Mismatch**                           
Q                                          |Q                                          
dff_upper_0/and2_0/nand2_0/A               |Preset **Mismatch**                        
dff_lower_0/and2_0/nand2_0/B               |Clear **Mismatch**                         
VDD                                        |VDD                                        
GND                                        |GND                                        
(no matching pin)                          |Qn                                         
---------------------------------------------------------------------------------------
Cell pin lists for dff and dff altered to match.

Subcircuit summary:
Circuit 1: output_register.spice           |Circuit 2: output_register_lvs.spice       
-------------------------------------------|-------------------------------------------
dff (8)                                    |dff (8)                                    
Number of devices: 8                       |Number of devices: 8                       
Number of nets: 29                         |Number of nets: 29                         
---------------------------------------------------------------------------------------
Resolving automorphisms by property value.
Resolving automorphisms by pin name.
Netlists match uniquely.
Circuits match correctly.
Cells have no pins;  pin matching not needed.
Device classes output_register.spice and output_register_lvs.spice are equivalent.
Circuits match uniquely.
