Equate elements:  no current cell.
Equate elements:  no current cell.

Subcircuit summary:
Circuit 1: switch.spice                    |Circuit 2: switch_lvs.spice                
-------------------------------------------|-------------------------------------------
sky130_fd_pr__pfet_01v8 (3)                |sky130_fd_pr__pfet_01v8 (3)                
sky130_fd_pr__nfet_01v8 (3)                |sky130_fd_pr__nfet_01v8 (3)                
Number of devices: 6                       |Number of devices: 6                       
Number of nets: 6                          |Number of nets: 6                          
---------------------------------------------------------------------------------------
Resolving automorphisms by property value.
Resolving automorphisms by pin name.
Netlists match uniquely.
Circuits match correctly.
There were property errors.
sky130_fd_pr__nfet_01v85 vs. sky130_fd_pr__nfet_01v8M1:
 l circuit1: "0.15"   (unresolved expression)  (property type mismatch)
 w circuit1: "2"   (unresolved expression)  (property type mismatch)
sky130_fd_pr__nfet_01v83 vs. sky130_fd_pr__nfet_01v8M6:
 l circuit1: "0.15"   (unresolved expression)  (property type mismatch)
 w circuit1: "1"   (unresolved expression)  (property type mismatch)
sky130_fd_pr__nfet_01v81 vs. sky130_fd_pr__nfet_01v8M5:
 l circuit1: "0.15"   (unresolved expression)  (property type mismatch)
 w circuit1: "1"   (unresolved expression)  (property type mismatch)
sky130_fd_pr__pfet_01v84 vs. sky130_fd_pr__pfet_01v8M2:
 l circuit1: "0.15"   (unresolved expression)  (property type mismatch)
 w circuit1: "2"   (unresolved expression)  (property type mismatch)
sky130_fd_pr__pfet_01v82 vs. sky130_fd_pr__pfet_01v8M3:
 l circuit1: "0.15"   (unresolved expression)  (property type mismatch)
 w circuit1: "1"   (unresolved expression)  (property type mismatch)
sky130_fd_pr__pfet_01v80 vs. sky130_fd_pr__pfet_01v8M4:
 l circuit1: "0.15"   (unresolved expression)  (property type mismatch)
 w circuit1: "1"   (unresolved expression)  (property type mismatch)
Cells have no pins;  pin matching not needed.
Device classes switch.spice and switch_lvs.spice are equivalent.
Circuits match uniquely.
Property errors were found.
The following cells had property errors: switch.spice
