Flattening unmatched subcell p-res20k in circuit p-res8x20k (0)(8 instances)
Flattening unmatched subcell p-res20k in circuit bandgap_pnp_thomas (0)(1 instance)
Flattening unmatched subcell p-res8x20k in circuit bandgap_pnp_thomas (0)(1 instance)
Flattening unmatched subcell inverter_large in circuit selfbiasedcascode2stage (0)(1 instance)
Flattening unmatched subcell m3cap500f in circuit selfbiasedcascode2stage (0)(1 instance)
Flattening unmatched subcell bandgap_pnp_thomas in circuit bandgap.spice (0)(1 instance)
Flattening unmatched subcell selfbiasedcascode2stage in circuit bandgap.spice (0)(4 instances)
Flattening unmatched subcell selfbiasedcascode2stage_lvs in circuit bandgap_lvs.spice (1)(4 instances)
Equate elements:  no current cell.
Equate elements:  no current cell.
Equate elements:  no current cell.
Equate elements:  no current cell.
Equate elements:  no current cell.
Class bandgap.spice:  Merged 332 devices.
Class bandgap_lvs.spice:  Merged 300 devices.

Subcircuit summary:
Circuit 1: bandgap.spice                   |Circuit 2: bandgap_lvs.spice               
-------------------------------------------|-------------------------------------------
sky130_fd_pr__res_xhigh_po (2)             |sky130_fd_pr__res_xhigh_po (2)             
sky130_fd_pr__pnp_05v0 (30)                |sky130_fd_pr__pnp_05v0 (30)                
sky130_fd_pr__nfet_01v8 (73)               |sky130_fd_pr__nfet_01v8 (70) **Mismatch**  
sky130_fd_pr__pfet_01v8 (93)               |sky130_fd_pr__pfet_01v8 (74) **Mismatch**  
sky130_fd_pr__cap_mim_m3_1 (4)             |sky130_fd_pr__cap_mim_m3_1 (4)             
Number of devices: 202 **Mismatch**        |Number of devices: 180 **Mismatch**        
Number of nets: 119 **Mismatch**           |Number of nets: 62 **Mismatch**            
---------------------------------------------------------------------------------------
NET mismatches: Class fragments follow (with fanout counts):
Circuit 1: bandgap.spice                   |Circuit 2: bandgap_lvs.spice               

---------------------------------------------------------------------------------------
Net: VSUBS                                 |Net: net5                                  
  sky130_fd_pr__res_xhigh_po/(1|2) = 1     |  sky130_fd_pr__pnp_05v0/3 = 1             
  sky130_fd_pr__res_xhigh_po/3 = 2         |  sky130_fd_pr__res_xhigh_po/(1|2) = 1     
  sky130_fd_pr__pnp_05v0/2 = 11            |                                           
  sky130_fd_pr__pnp_05v0/3 = 30            |                                           
  sky130_fd_pr__nfet_01v8/(1|3) = 38       |                                           
  sky130_fd_pr__nfet_01v8/4 = 73           |                                           
  sky130_fd_pr__nfet_01v8/2 = 25           |                                           
  sky130_fd_pr__pfet_01v8/(1|3) = 8        |                                           
                                           |                                           
Net: selfbiasedcascode2stage_0/VN          |Net: net6                                  
  sky130_fd_pr__pnp_05v0/1 = 1             |  sky130_fd_pr__pnp_05v0/2 = 1             
  sky130_fd_pr__nfet_01v8/2 = 1            |  sky130_fd_pr__res_xhigh_po/(1|2) = 1     
  sky130_fd_pr__pfet_01v8/2 = 1            |                                           
                                           |                                           
Net: selfbiasedcascode2stage_0/VP          |Net: Vbep                                  
  sky130_fd_pr__res_xhigh_po/(1|2) = 1     |  sky130_fd_pr__pnp_05v0/3 = 1             
  sky130_fd_pr__nfet_01v8/2 = 1            |  sky130_fd_pr__pfet_01v8/(1|3) = 1        
  sky130_fd_pr__pfet_01v8/2 = 1            |  sky130_fd_pr__pfet_01v8/2 = 1            
                                           |  sky130_fd_pr__nfet_01v8/2 = 1            
                                           |                                           
Net: selfbiasedcascode2stage_3/VP          |Net: net2                                  
  sky130_fd_pr__pnp_05v0/1 = 1             |  sky130_fd_pr__pnp_05v0/3 = 1             
  sky130_fd_pr__nfet_01v8/2 = 1            |  sky130_fd_pr__pfet_01v8/(1|3) = 1        
  sky130_fd_pr__pfet_01v8/2 = 1            |  sky130_fd_pr__pfet_01v8/2 = 1            
                                           |  sky130_fd_pr__nfet_01v8/2 = 1            
                                           |                                           
Net: bandgap_pnp_thomas_0/p-res20k_0/1     |Net: net3                                  
  sky130_fd_pr__res_xhigh_po/(1|2) = 1     |  sky130_fd_pr__pfet_01v8/(1|3) = 1        
  sky130_fd_pr__pnp_05v0/2 = 1             |  sky130_fd_pr__res_xhigh_po/(1|2) = 1     
                                           |  sky130_fd_pr__pfet_01v8/2 = 1            
                                           |  sky130_fd_pr__nfet_01v8/2 = 1            
                                           |                                           
Net: a_4950_n4000#                         |Net: GND                                   
  sky130_fd_pr__pfet_01v8/(1|3) = 2        |  sky130_fd_pr__pnp_05v0/1 = 30            
                                           |  sky130_fd_pr__pnp_05v0/2 = 11            
                                           |  sky130_fd_pr__pnp_05v0/4 = 30            
                                           |  sky130_fd_pr__res_xhigh_po/3 = 2         
                                           |  sky130_fd_pr__res_xhigh_po/(1|2) = 1     
                                           |  sky130_fd_pr__nfet_01v8/2 = 22           
                                           |  sky130_fd_pr__nfet_01v8/4 = 70           
                                           |  sky130_fd_pr__nfet_01v8/(1|3) = 35       
                                           |  sky130_fd_pr__pfet_01v8/(1|3) = 5        
                                           |                                           
Net: a_4950_n4480#                         |Net: net1                                  
  sky130_fd_pr__pfet_01v8/(1|3) = 2        |  sky130_fd_pr__pfet_01v8/2 = 4            
                                           |  sky130_fd_pr__pfet_01v8/(1|3) = 1        
                                           |  sky130_fd_pr__nfet_01v8/(1|3) = 1        
                                           |  sky130_fd_pr__cap_mim_m3_1/2 = 1         
                                           |                                           
Net: a_4950_n4720#                         |Net: VDD                                   
  sky130_fd_pr__pfet_01v8/(1|3) = 2        |  sky130_fd_pr__pfet_01v8/(1|3) = 39       
                                           |  sky130_fd_pr__pfet_01v8/4 = 74           
                                           |  sky130_fd_pr__pfet_01v8/2 = 22           
                                           |  sky130_fd_pr__nfet_01v8/(1|3) = 5        
                                           |                                           
Net: a_4950_n4240#                         |Net: Vben                                  
  sky130_fd_pr__pfet_01v8/(1|3) = 2        |  sky130_fd_pr__pfet_01v8/(1|3) = 1        
                                           |  sky130_fd_pr__pnp_05v0/3 = 9             
                                           |  sky130_fd_pr__pfet_01v8/2 = 2            
                                           |  sky130_fd_pr__nfet_01v8/2 = 2            
                                           |                                           
Net: a_4950_n1840#                         |(no matching net)                          
  sky130_fd_pr__pfet_01v8/(1|3) = 2        |                                           
                                           |                                           
Net: a_4950_n5200#                         |(no matching net)                          
  sky130_fd_pr__pfet_01v8/(1|3) = 2        |                                           
                                           |                                           
Net: a_4950_n5440#                         |(no matching net)                          
  sky130_fd_pr__pfet_01v8/(1|3) = 2        |                                           
                                           |                                           
Net: a_4950_n2320#                         |(no matching net)                          
  sky130_fd_pr__pfet_01v8/(1|3) = 2        |                                           
                                           |                                           
Net: a_4950_n2560#                         |(no matching net)                          
  sky130_fd_pr__pfet_01v8/(1|3) = 2        |                                           
                                           |                                           
Net: a_4950_n2800#                         |(no matching net)                          
  sky130_fd_pr__pfet_01v8/(1|3) = 2        |                                           
                                           |                                           
Net: a_4950_n3040#                         |(no matching net)                          
  sky130_fd_pr__pfet_01v8/(1|3) = 2        |                                           
                                           |                                           
Net: a_4950_n3280#                         |(no matching net)                          
  sky130_fd_pr__pfet_01v8/(1|3) = 2        |                                           
                                           |                                           
Net: a_4950_n4960#                         |(no matching net)                          
  sky130_fd_pr__pfet_01v8/(1|3) = 2        |                                           
                                           |                                           
Net: a_4950_n2080#                         |(no matching net)                          
  sky130_fd_pr__pfet_01v8/(1|3) = 2        |                                           
                                           |                                           
Net: /bandgap_pnp_thomas_0/p-res8x20k_0/1  |(no matching net)                          
  sky130_fd_pr__res_xhigh_po/(1|2) = 1     |                                           
  sky130_fd_pr__pnp_05v0/1 = 1             |                                           
                                           |                                           
Net: selfbiasedcascode2stage_2/VP          |(no matching net)                          
  sky130_fd_pr__pnp_05v0/1 = 9             |                                           
  sky130_fd_pr__nfet_01v8/2 = 2            |                                           
  sky130_fd_pr__pfet_01v8/2 = 2            |                                           
                                           |                                           
Net: selfbiasedcascode2stage_0/inverter_la |(no matching net)                          
  sky130_fd_pr__pfet_01v8/(1|3) = 11       |                                           
  sky130_fd_pr__pfet_01v8/4 = 36           |                                           
  sky130_fd_pr__nfet_01v8/(1|3) = 2        |                                           
  sky130_fd_pr__pfet_01v8/2 = 7            |                                           
                                           |                                           
Net: selfbiasedcascode2stage_0/Vout        |(no matching net)                          
  sky130_fd_pr__nfet_01v8/(1|3) = 1        |                                           
  sky130_fd_pr__pfet_01v8/(1|3) = 1        |                                           
  sky130_fd_pr__cap_mim_m3_1/2 = 1         |                                           
  sky130_fd_pr__pfet_01v8/2 = 17           |                                           
                                           |                                           
Net: selfbiasedcascode2stage_1/inverter_la |(no matching net)                          
  sky130_fd_pr__pfet_01v8/(1|3) = 11       |                                           
  sky130_fd_pr__pfet_01v8/4 = 19           |                                           
  sky130_fd_pr__nfet_01v8/(1|3) = 2        |                                           
  sky130_fd_pr__pfet_01v8/2 = 7            |                                           
                                           |                                           
Net: selfbiasedcascode2stage_2/inverter_la |(no matching net)                          
  sky130_fd_pr__pfet_01v8/(1|3) = 11       |                                           
  sky130_fd_pr__pfet_01v8/4 = 19           |                                           
  sky130_fd_pr__nfet_01v8/(1|3) = 2        |                                           
  sky130_fd_pr__pfet_01v8/2 = 7            |                                           
                                           |                                           
Net: selfbiasedcascode2stage_3/inverter_la |(no matching net)                          
  sky130_fd_pr__pfet_01v8/(1|3) = 11       |                                           
  sky130_fd_pr__pfet_01v8/4 = 19           |                                           
  sky130_fd_pr__nfet_01v8/(1|3) = 2        |                                           
  sky130_fd_pr__pfet_01v8/2 = 7            |                                           
                                           |                                           
Net: a_4950_n3760#                         |(no matching net)                          
  sky130_fd_pr__pfet_01v8/(1|3) = 1        |                                           
                                           |                                           
Net: a_4950_n5930#                         |(no matching net)                          
  sky130_fd_pr__pfet_01v8/(1|3) = 1        |                                           
                                           |                                           
Net: a_4950_n6170#                         |(no matching net)                          
  sky130_fd_pr__pfet_01v8/(1|3) = 1        |                                           
                                           |                                           
Net: a_4950_n1600#                         |(no matching net)                          
  sky130_fd_pr__pfet_01v8/(1|3) = 1        |                                           
                                           |                                           
Net: a_4950_n5690#                         |(no matching net)                          
  sky130_fd_pr__pfet_01v8/(1|3) = 1        |                                           
                                           |                                           
Net: a_4950_n3520#                         |(no matching net)                          
  sky130_fd_pr__pfet_01v8/(1|3) = 1        |                                           
                                           |                                           
Net: /bandgap_pnp_thomas_0/a_n2670_1330#   |(no matching net)                          
  sky130_fd_pr__pnp_05v0/1 = 1             |                                           
                                           |                                           
Net: /bandgap_pnp_thomas_0/a_1330_n670#    |(no matching net)                          
  sky130_fd_pr__pnp_05v0/1 = 1             |                                           
                                           |                                           
Net: /bandgap_pnp_thomas_0/a_330_1330#     |(no matching net)                          
  sky130_fd_pr__pnp_05v0/1 = 1             |                                           
                                           |                                           
Net: /bandgap_pnp_thomas_0/a_n1670_1330#   |(no matching net)                          
  sky130_fd_pr__pnp_05v0/1 = 1             |                                           
                                           |                                           
Net: /bandgap_pnp_thomas_0/a_n3670_n670#   |(no matching net)                          
  sky130_fd_pr__pnp_05v0/1 = 1             |                                           
                                           |                                           
Net: /bandgap_pnp_thomas_0/a_n1670_n2670#  |(no matching net)                          
  sky130_fd_pr__pnp_05v0/1 = 1             |                                           
                                           |                                           
Net: /bandgap_pnp_thomas_0/a_330_n2670#    |(no matching net)                          
  sky130_fd_pr__pnp_05v0/1 = 1             |                                           
                                           |                                           
Net: /bandgap_pnp_thomas_0/a_1330_330#     |(no matching net)                          
  sky130_fd_pr__pnp_05v0/1 = 1             |                                           
                                           |                                           
Net: /bandgap_pnp_thomas_0/a_n2670_n2670#  |(no matching net)                          
  sky130_fd_pr__pnp_05v0/1 = 1             |                                           
                                           |                                           
Net: /bandgap_pnp_thomas_0/a_n670_n2670#   |(no matching net)                          
  sky130_fd_pr__pnp_05v0/1 = 1             |                                           
                                           |                                           
Net: /bandgap_pnp_thomas_0/a_n3670_n2670#  |(no matching net)                          
  sky130_fd_pr__pnp_05v0/1 = 1             |                                           
                                           |                                           
Net: /bandgap_pnp_thomas_0/a_n670_1330#    |(no matching net)                          
  sky130_fd_pr__pnp_05v0/1 = 1             |                                           
                                           |                                           
Net: /bandgap_pnp_thomas_0/a_1330_n2670#   |(no matching net)                          
  sky130_fd_pr__pnp_05v0/1 = 1             |                                           
                                           |                                           
Net: /bandgap_pnp_thomas_0/a_n3670_n1670#  |(no matching net)                          
  sky130_fd_pr__pnp_05v0/1 = 1             |                                           
                                           |                                           
Net: /bandgap_pnp_thomas_0/a_1330_1330#    |(no matching net)                          
  sky130_fd_pr__pnp_05v0/1 = 1             |                                           
                                           |                                           
Net: /bandgap_pnp_thomas_0/a_n3670_1330#   |(no matching net)                          
  sky130_fd_pr__pnp_05v0/1 = 1             |                                           
                                           |                                           
Net: /bandgap_pnp_thomas_0/a_n3670_330#    |(no matching net)                          
  sky130_fd_pr__pnp_05v0/1 = 1             |                                           
                                           |                                           
Net: /bandgap_pnp_thomas_0/a_1330_n1670#   |(no matching net)                          
  sky130_fd_pr__pnp_05v0/1 = 1             |                                           
                                           |                                           
Net: /bandgap_pnp_thomas_0/w_n2847_1153#   |(no matching net)                          
  sky130_fd_pr__pnp_05v0/2 = 1             |                                           
                                           |                                           
Net: /bandgap_pnp_thomas_0/w_1153_n847#    |(no matching net)                          
  sky130_fd_pr__pnp_05v0/2 = 1             |                                           
                                           |                                           
Net: /bandgap_pnp_thomas_0/w_153_1153#     |(no matching net)                          
  sky130_fd_pr__pnp_05v0/2 = 1             |                                           
                                           |                                           
Net: /bandgap_pnp_thomas_0/w_n1847_1153#   |(no matching net)                          
  sky130_fd_pr__pnp_05v0/2 = 1             |                                           
                                           |                                           
Net: /bandgap_pnp_thomas_0/w_n3847_n847#   |(no matching net)                          
  sky130_fd_pr__pnp_05v0/2 = 1             |                                           
                                           |                                           
Net: /bandgap_pnp_thomas_0/w_n1847_n2847#  |(no matching net)                          
  sky130_fd_pr__pnp_05v0/2 = 1             |                                           
                                           |                                           
Net: /bandgap_pnp_thomas_0/w_153_n2847#    |(no matching net)                          
  sky130_fd_pr__pnp_05v0/2 = 1             |                                           
                                           |                                           
Net: /bandgap_pnp_thomas_0/w_1153_153#     |(no matching net)                          
  sky130_fd_pr__pnp_05v0/2 = 1             |                                           
                                           |                                           
Net: /bandgap_pnp_thomas_0/w_n2847_n2847#  |(no matching net)                          
  sky130_fd_pr__pnp_05v0/2 = 1             |                                           
                                           |                                           
Net: /bandgap_pnp_thomas_0/w_n847_n2847#   |(no matching net)                          
  sky130_fd_pr__pnp_05v0/2 = 1             |                                           
                                           |                                           
Net: /bandgap_pnp_thomas_0/w_n3847_n2847#  |(no matching net)                          
  sky130_fd_pr__pnp_05v0/2 = 1             |                                           
                                           |                                           
Net: /bandgap_pnp_thomas_0/w_n847_1153#    |(no matching net)                          
  sky130_fd_pr__pnp_05v0/2 = 1             |                                           
                                           |                                           
Net: /bandgap_pnp_thomas_0/w_1153_n2847#   |(no matching net)                          
  sky130_fd_pr__pnp_05v0/2 = 1             |                                           
                                           |                                           
Net: /bandgap_pnp_thomas_0/w_n3847_n1847#  |(no matching net)                          
  sky130_fd_pr__pnp_05v0/2 = 1             |                                           
                                           |                                           
Net: /bandgap_pnp_thomas_0/w_1153_1153#    |(no matching net)                          
  sky130_fd_pr__pnp_05v0/2 = 1             |                                           
                                           |                                           
Net: /bandgap_pnp_thomas_0/w_n3847_1153#   |(no matching net)                          
  sky130_fd_pr__pnp_05v0/2 = 1             |                                           
                                           |                                           
Net: /bandgap_pnp_thomas_0/w_n3847_153#    |(no matching net)                          
  sky130_fd_pr__pnp_05v0/2 = 1             |                                           
                                           |                                           
Net: /bandgap_pnp_thomas_0/w_1153_n1847#   |(no matching net)                          
  sky130_fd_pr__pnp_05v0/2 = 1             |                                           
---------------------------------------------------------------------------------------

---------------------------------------------------------------------------------------
(no matching net)                          |Net: __UNCONNECTED_PIN__1                  
                                           |  sky130_fd_pr__pnp_05v0/3 = 18            
                                           |                                           
(no matching net)                          |Net: __UNCONNECTED_PIN__0                  
                                           |  sky130_fd_pr__pnp_05v0/2 = 18            
---------------------------------------------------------------------------------------
DEVICE mismatches: Class fragments follow (with node fanout counts):
Circuit 1: bandgap.spice                   |Circuit 2: bandgap_lvs.spice               

---------------------------------------------------------------------------------------
Instance: selfbiasedcascode2stage_0/sky130 |Instance: selfbiasedcascode2stage_lvs1/sky 
  (1,3) = (188,188)                        |  (1,3) = (206,206)                        
  2 = 188                                  |  2 = 206                                  
  4 = 188                                  |  4 = 206                                  
                                           |                                           
Instance: selfbiasedcascode2stage_0/sky130 |Instance: selfbiasedcascode2stage_lvs1/sky 
  (1,3) = (188,56)                         |  (1,3) = (206,140)                        
  2 = 188                                  |  2 = 206                                  
  4 = 188                                  |  4 = 206                                  
                                           |                                           
Instance: selfbiasedcascode2stage_1/sky130 |Instance: sky130_fd_pr__pfet_01v8M1        
  (1,3) = (188,39)                         |  (1,3) = (140,4)                          
  2 = 188                                  |  2 = 7                                    
  4 = 188                                  |  4 = 140                                  
                                           |                                           
Instance: selfbiasedcascode2stage_2/sky130 |Instance: sky130_fd_pr__pfet_01v8M2        
  (1,3) = (188,39)                         |  (1,3) = (140,14)                         
  2 = 188                                  |  2 = 7                                    
  4 = 188                                  |  4 = 140                                  
                                           |                                           
Instance: selfbiasedcascode2stage_3/sky130 |Instance: sky130_fd_pr__pfet_01v8M3        
  (1,3) = (188,39)                         |  (1,3) = (140,4)                          
  2 = 188                                  |  2 = 7                                    
  4 = 188                                  |  4 = 140                                  
                                           |                                           
Instance: selfbiasedcascode2stage_0/sky130 |Instance: sky130_fd_pr__pfet_01v8M4        
  (1,3) = (56,56)                          |  (1,3) = (140,4)                          
  2 = 56                                   |  2 = 7                                    
  4 = 56                                   |  4 = 140                                  
                                           |                                           
Instance: selfbiasedcascode2stage_0/sky130 |Instance: selfbiasedcascode2stage_lvs1/sky 
  (1,3) = (188,56)                         |  (1,3) = (140,140)                        
  2 = 56                                   |  2 = 140                                  
  4 = 56                                   |  4 = 140                                  
                                           |                                           
Instance: selfbiasedcascode2stage_1/sky130 |Instance: selfbiasedcascode2stage_lvs1/sky 
  (1,3) = (39,39)                          |  (1,3) = (206,140)                        
  2 = 39                                   |  2 = 140                                  
  4 = 39                                   |  4 = 140                                  
                                           |                                           
Instance: selfbiasedcascode2stage_1/sky130 |(no matching instance)                     
  (1,3) = (188,39)                         |                                           
  2 = 39                                   |                                           
  4 = 39                                   |                                           
                                           |                                           
                                           |                                           
Instance: selfbiasedcascode2stage_2/sky130 |(no matching instance)                     
  (1,3) = (39,39)                          |                                           
  2 = 39                                   |                                           
  4 = 39                                   |                                           
                                           |                                           
                                           |                                           
Instance: selfbiasedcascode2stage_2/sky130 |(no matching instance)                     
  (1,3) = (188,39)                         |                                           
  2 = 39                                   |                                           
  4 = 39                                   |                                           
                                           |                                           
                                           |                                           
Instance: selfbiasedcascode2stage_3/sky130 |(no matching instance)                     
  (1,3) = (39,39)                          |                                           
  2 = 39                                   |                                           
  4 = 39                                   |                                           
                                           |                                           
                                           |                                           
Instance: selfbiasedcascode2stage_3/sky130 |(no matching instance)                     
  (1,3) = (188,39)                         |                                           
  2 = 39                                   |                                           
  4 = 39                                   |                                           
                                           |                                           
                                           |                                           
Instance: sky130_fd_pr__pfet_01v80         |(no matching instance)                     
  (1,3) = (2,1)                            |                                           
  2 = 20                                   |                                           
  4 = 56                                   |                                           
                                           |                                           
                                           |                                           
Instance: sky130_fd_pr__pfet_01v81         |(no matching instance)                     
  (1,3) = (2,2)                            |                                           
  2 = 20                                   |                                           
  4 = 56                                   |                                           
                                           |                                           
                                           |                                           
Instance: sky130_fd_pr__pfet_01v82         |(no matching instance)                     
  (1,3) = (1,1)                            |                                           
  2 = 20                                   |                                           
  4 = 56                                   |                                           
                                           |                                           
                                           |                                           
Instance: sky130_fd_pr__pfet_01v83         |(no matching instance)                     
  (1,3) = (2,2)                            |                                           
  2 = 20                                   |                                           
  4 = 56                                   |                                           
                                           |                                           
                                           |                                           
Instance: sky130_fd_pr__pfet_01v84         |(no matching instance)                     
  (1,3) = (2,1)                            |                                           
  2 = 20                                   |                                           
  4 = 56                                   |                                           
                                           |                                           
                                           |                                           
Instance: sky130_fd_pr__pfet_01v85         |(no matching instance)                     
  (1,3) = (2,2)                            |                                           
  2 = 20                                   |                                           
  4 = 56                                   |                                           
                                           |                                           
                                           |                                           
Instance: sky130_fd_pr__pfet_01v86         |(no matching instance)                     
  (1,3) = (2,2)                            |                                           
  2 = 20                                   |                                           
  4 = 56                                   |                                           
                                           |                                           
                                           |                                           
Instance: sky130_fd_pr__pfet_01v87         |(no matching instance)                     
  (1,3) = (2,2)                            |                                           
  2 = 20                                   |                                           
  4 = 56                                   |                                           
                                           |                                           
                                           |                                           
Instance: sky130_fd_pr__pfet_01v88         |(no matching instance)                     
  (1,3) = (2,2)                            |                                           
  2 = 20                                   |                                           
  4 = 56                                   |                                           
                                           |                                           
                                           |                                           
Instance: sky130_fd_pr__pfet_01v810        |(no matching instance)                     
  (1,3) = (2,2)                            |                                           
  2 = 20                                   |                                           
  4 = 56                                   |                                           
                                           |                                           
                                           |                                           
Instance: sky130_fd_pr__pfet_01v811        |(no matching instance)                     
  (1,3) = (2,2)                            |                                           
  2 = 20                                   |                                           
  4 = 56                                   |                                           
                                           |                                           
                                           |                                           
Instance: sky130_fd_pr__pfet_01v812        |(no matching instance)                     
  (1,3) = (2,2)                            |                                           
  2 = 20                                   |                                           
  4 = 56                                   |                                           
                                           |                                           
                                           |                                           
Instance: sky130_fd_pr__pfet_01v813        |(no matching instance)                     
  (1,3) = (2,2)                            |                                           
  2 = 20                                   |                                           
  4 = 56                                   |                                           
                                           |                                           
                                           |                                           
Instance: sky130_fd_pr__pfet_01v814        |(no matching instance)                     
  (1,3) = (2,1)                            |                                           
  2 = 20                                   |                                           
  4 = 56                                   |                                           
                                           |                                           
                                           |                                           
Instance: sky130_fd_pr__pfet_01v815        |(no matching instance)                     
  (1,3) = (2,2)                            |                                           
  2 = 20                                   |                                           
  4 = 56                                   |                                           
                                           |                                           
                                           |                                           
Instance: sky130_fd_pr__pfet_01v816        |(no matching instance)                     
  (1,3) = (2,2)                            |                                           
  2 = 20                                   |                                           
  4 = 56                                   |                                           
                                           |                                           
                                           |                                           
Instance: sky130_fd_pr__pfet_01v817        |(no matching instance)                     
  (1,3) = (2,1)                            |                                           
  2 = 20                                   |                                           
  4 = 56                                   |                                           
                                           |                                           
---------------------------------------------------------------------------------------

---------------------------------------------------------------------------------------
Instance: bandgap_pnp_thomas_0/sky130_fd_p |Instance: sky130_fd_pr__pnp_05v0Q4[17]     
  1 = 1                                    |  1 = 206                                  
  2 = 1                                    |  2 = 18                                   
  3 = 188                                  |  3 = 18                                   
                                           |  4 = 206                                  
                                           |                                           
Instance: bandgap_pnp_thomas_0/sky130_fd_p |Instance: sky130_fd_pr__pnp_05v0Q4[16]     
  1 = 1                                    |  1 = 206                                  
  2 = 1                                    |  2 = 18                                   
  3 = 188                                  |  3 = 18                                   
                                           |  4 = 206                                  
                                           |                                           
Instance: bandgap_pnp_thomas_0/sky130_fd_p |Instance: sky130_fd_pr__pnp_05v0Q4[15]     
  1 = 1                                    |  1 = 206                                  
  2 = 1                                    |  2 = 18                                   
  3 = 188                                  |  3 = 18                                   
                                           |  4 = 206                                  
                                           |                                           
Instance: bandgap_pnp_thomas_0/sky130_fd_p |Instance: sky130_fd_pr__pnp_05v0Q4[14]     
  1 = 13                                   |  1 = 206                                  
  2 = 188                                  |  2 = 18                                   
  3 = 188                                  |  3 = 18                                   
                                           |  4 = 206                                  
                                           |                                           
Instance: bandgap_pnp_thomas_0/sky130_fd_p |Instance: sky130_fd_pr__pnp_05v0Q4[13]     
  1 = 1                                    |  1 = 206                                  
  2 = 1                                    |  2 = 18                                   
  3 = 188                                  |  3 = 18                                   
                                           |  4 = 206                                  
                                           |                                           
Instance: bandgap_pnp_thomas_0/sky130_fd_p |Instance: sky130_fd_pr__pnp_05v0Q4[12]     
  1 = 13                                   |  1 = 206                                  
  2 = 188                                  |  2 = 18                                   
  3 = 188                                  |  3 = 18                                   
                                           |  4 = 206                                  
                                           |                                           
Instance: bandgap_pnp_thomas_0/sky130_fd_p |Instance: sky130_fd_pr__pnp_05v0Q4[11]     
  1 = 1                                    |  1 = 206                                  
  2 = 1                                    |  2 = 18                                   
  3 = 188                                  |  3 = 18                                   
                                           |  4 = 206                                  
                                           |                                           
Instance: bandgap_pnp_thomas_0/sky130_fd_p |Instance: sky130_fd_pr__pnp_05v0Q4[10]     
  1 = 1                                    |  1 = 206                                  
  2 = 1                                    |  2 = 18                                   
  3 = 188                                  |  3 = 18                                   
                                           |  4 = 206                                  
                                           |                                           
Instance: bandgap_pnp_thomas_0/sky130_fd_p |Instance: sky130_fd_pr__pnp_05v0Q4[9]      
  1 = 2                                    |  1 = 206                                  
  2 = 188                                  |  2 = 18                                   
  3 = 188                                  |  3 = 18                                   
                                           |  4 = 206                                  
                                           |                                           
Instance: bandgap_pnp_thomas_0/sky130_fd_p |Instance: sky130_fd_pr__pnp_05v0Q4[8]      
  1 = 13                                   |  1 = 206                                  
  2 = 188                                  |  2 = 18                                   
  3 = 188                                  |  3 = 18                                   
                                           |  4 = 206                                  
                                           |                                           
Instance: bandgap_pnp_thomas_0/sky130_fd_p |Instance: sky130_fd_pr__pnp_05v0Q4[7]      
  1 = 13                                   |  1 = 206                                  
  2 = 188                                  |  2 = 18                                   
  3 = 188                                  |  3 = 18                                   
                                           |  4 = 206                                  
                                           |                                           
Instance: bandgap_pnp_thomas_0/sky130_fd_p |Instance: sky130_fd_pr__pnp_05v0Q4[6]      
  1 = 3                                    |  1 = 206                                  
  2 = 2                                    |  2 = 18                                   
  3 = 188                                  |  3 = 18                                   
                                           |  4 = 206                                  
                                           |                                           
Instance: bandgap_pnp_thomas_0/sky130_fd_p |Instance: sky130_fd_pr__pnp_05v0Q4[5]      
  1 = 13                                   |  1 = 206                                  
  2 = 188                                  |  2 = 18                                   
  3 = 188                                  |  3 = 18                                   
                                           |  4 = 206                                  
                                           |                                           
Instance: bandgap_pnp_thomas_0/sky130_fd_p |Instance: sky130_fd_pr__pnp_05v0Q4[4]      
  1 = 13                                   |  1 = 206                                  
  2 = 188                                  |  2 = 18                                   
  3 = 188                                  |  3 = 18                                   
                                           |  4 = 206                                  
                                           |                                           
Instance: bandgap_pnp_thomas_0/sky130_fd_p |Instance: sky130_fd_pr__pnp_05v0Q4[3]      
  1 = 1                                    |  1 = 206                                  
  2 = 1                                    |  2 = 18                                   
  3 = 188                                  |  3 = 18                                   
                                           |  4 = 206                                  
                                           |                                           
Instance: bandgap_pnp_thomas_0/sky130_fd_p |Instance: sky130_fd_pr__pnp_05v0Q4[2]      
  1 = 13                                   |  1 = 206                                  
  2 = 188                                  |  2 = 18                                   
  3 = 188                                  |  3 = 18                                   
                                           |  4 = 206                                  
                                           |                                           
Instance: bandgap_pnp_thomas_0/sky130_fd_p |Instance: sky130_fd_pr__pnp_05v0Q4[1]      
  1 = 3                                    |  1 = 206                                  
  2 = 188                                  |  2 = 18                                   
  3 = 188                                  |  3 = 18                                   
                                           |  4 = 206                                  
                                           |                                           
Instance: bandgap_pnp_thomas_0/sky130_fd_p |Instance: sky130_fd_pr__pnp_05v0Q4[0]      
  1 = 1                                    |  1 = 206                                  
  2 = 1                                    |  2 = 18                                   
  3 = 188                                  |  3 = 18                                   
                                           |  4 = 206                                  
                                           |                                           
Instance: bandgap_pnp_thomas_0/sky130_fd_p |Instance: sky130_fd_pr__pnp_05v0Q3         
  1 = 13                                   |  1 = 206                                  
  2 = 188                                  |  2 = 2                                    
  3 = 188                                  |  3 = 4                                    
                                           |  4 = 206                                  
                                           |                                           
Instance: bandgap_pnp_thomas_0/sky130_fd_p |Instance: sky130_fd_pr__pnp_05v0Q1         
  1 = 1                                    |  1 = 206                                  
  2 = 1                                    |  2 = 206                                  
  3 = 188                                  |  3 = 2                                    
                                           |  4 = 206                                  
                                           |                                           
Instance: bandgap_pnp_thomas_0/sky130_fd_p |Instance: sky130_fd_pr__pnp_05v0Q4[0]      
  1 = 1                                    |  1 = 206                                  
  2 = 1                                    |  2 = 206                                  
  3 = 188                                  |  3 = 14                                   
                                           |  4 = 206                                  
                                           |                                           
Instance: bandgap_pnp_thomas_0/sky130_fd_p |Instance: sky130_fd_pr__pnp_05v0Q4[1]      
  1 = 1                                    |  1 = 206                                  
  2 = 1                                    |  2 = 206                                  
  3 = 188                                  |  3 = 14                                   
                                           |  4 = 206                                  
                                           |                                           
Instance: bandgap_pnp_thomas_0/sky130_fd_p |Instance: sky130_fd_pr__pnp_05v0Q4[2]      
  1 = 1                                    |  1 = 206                                  
  2 = 1                                    |  2 = 206                                  
  3 = 188                                  |  3 = 14                                   
                                           |  4 = 206                                  
                                           |                                           
Instance: bandgap_pnp_thomas_0/sky130_fd_p |Instance: sky130_fd_pr__pnp_05v0Q4[3]      
  1 = 1                                    |  1 = 206                                  
  2 = 1                                    |  2 = 206                                  
  3 = 188                                  |  3 = 14                                   
                                           |  4 = 206                                  
                                           |                                           
Instance: bandgap_pnp_thomas_0/sky130_fd_p |Instance: sky130_fd_pr__pnp_05v0Q4[4]      
  1 = 1                                    |  1 = 206                                  
  2 = 1                                    |  2 = 206                                  
  3 = 188                                  |  3 = 14                                   
                                           |  4 = 206                                  
                                           |                                           
Instance: bandgap_pnp_thomas_0/sky130_fd_p |Instance: sky130_fd_pr__pnp_05v0Q4[5]      
  1 = 1                                    |  1 = 206                                  
  2 = 1                                    |  2 = 206                                  
  3 = 188                                  |  3 = 14                                   
                                           |  4 = 206                                  
                                           |                                           
Instance: bandgap_pnp_thomas_0/sky130_fd_p |Instance: sky130_fd_pr__pnp_05v0Q4[6]      
  1 = 1                                    |  1 = 206                                  
  2 = 1                                    |  2 = 206                                  
  3 = 188                                  |  3 = 14                                   
                                           |  4 = 206                                  
                                           |                                           
Instance: bandgap_pnp_thomas_0/sky130_fd_p |Instance: sky130_fd_pr__pnp_05v0Q4[7]      
  1 = 1                                    |  1 = 206                                  
  2 = 1                                    |  2 = 206                                  
  3 = 188                                  |  3 = 14                                   
                                           |  4 = 206                                  
                                           |                                           
Instance: bandgap_pnp_thomas_0/sky130_fd_p |Instance: sky130_fd_pr__pnp_05v0Q4[8]      
  1 = 1                                    |  1 = 206                                  
  2 = 1                                    |  2 = 206                                  
  3 = 188                                  |  3 = 14                                   
                                           |  4 = 206                                  
                                           |                                           
Instance: bandgap_pnp_thomas_0/sky130_fd_p |Instance: sky130_fd_pr__pnp_05v0Q2         
  1 = 13                                   |  1 = 206                                  
  2 = 188                                  |  2 = 206                                  
  3 = 188                                  |  3 = 4                                    
                                           |  4 = 206                                  
---------------------------------------------------------------------------------------
Netlists do not match.
The top level cell failed pin matching.
