Equate elements:  no current cell.
Equate elements:  no current cell.
Class selfbiasedcascode2stage.spice:  Merged 70 devices.
Class selfbiasedcascode2stage_lvs.spice:  Merged 71 devices.

Subcircuit summary:
Circuit 1: selfbiasedcascode2stage.spice   |Circuit 2: selfbiasedcascode2stage_lvs.spi 
-------------------------------------------|-------------------------------------------
sky130_fd_pr__pfet_01v8 (19)               |sky130_fd_pr__pfet_01v8 (18) **Mismatch**  
sky130_fd_pr__nfet_01v8 (19)               |sky130_fd_pr__nfet_01v8 (19)               
Number of devices: 38 **Mismatch**         |Number of devices: 37 **Mismatch**         
Number of nets: 21 **Mismatch**            |Number of nets: 16 **Mismatch**            
---------------------------------------------------------------------------------------
NET mismatches: Class fragments follow (with fanout counts):
Circuit 1: selfbiasedcascode2stage.spice   |Circuit 2: selfbiasedcascode2stage_lvs.spi 

---------------------------------------------------------------------------------------
Net: a_0_5820#                             |Net: net4                                  
  sky130_fd_pr__pfet_01v8/2 = 7            |  sky130_fd_pr__pfet_01v8/(1|3) = 4        
                                           |                                           
Net: a_1320_9350#                          |Net: net5                                  
  sky130_fd_pr__pfet_01v8/(1|3) = 3        |  sky130_fd_pr__pfet_01v8/(1|3) = 2        
                                           |  sky130_fd_pr__nfet_01v8/(1|3) = 2        
                                           |                                           
Net: a_120_4860#                           |Net: net1                                  
  sky130_fd_pr__nfet_01v8/(1|3) = 4        |  sky130_fd_pr__nfet_01v8/(1|3) = 4        
                                           |                                           
Net: a_120_5930#                           |Net: net3                                  
  sky130_fd_pr__pfet_01v8/(1|3) = 4        |  sky130_fd_pr__nfet_01v8/(1|3) = 2        
                                           |  sky130_fd_pr__pfet_01v8/(1|3) = 2        
                                           |                                           
Net: a_1320_8690#                          |Net: net10                                 
  sky130_fd_pr__nfet_01v8/(1|3) = 3        |  sky130_fd_pr__pfet_01v8/(1|3) = 4        
                                           |                                           
Net: a_1320_4860#                          |Net: net11                                 
  sky130_fd_pr__nfet_01v8/(1|3) = 2        |  sky130_fd_pr__nfet_01v8/(1|3) = 4        
  sky130_fd_pr__pfet_01v8/(1|3) = 1        |                                           
                                           |                                           
Net: VDD                                   |Net: VDD                                   
  sky130_fd_pr__pfet_01v8/2 = 3            |  sky130_fd_pr__pfet_01v8/2 = 7            
  sky130_fd_pr__nfet_01v8/2 = 4            |  sky130_fd_pr__pfet_01v8/4 = 18           
  sky130_fd_pr__pfet_01v8/(1|3) = 5        |  sky130_fd_pr__pfet_01v8/(1|3) = 10       
  sky130_fd_pr__nfet_01v8/(1|3) = 7        |  sky130_fd_pr__nfet_01v8/(1|3) = 3        
  sky130_fd_pr__nfet_01v8/4 = 19           |                                           
                                           |                                           
Net: GND                                   |Net: GND                                   
  sky130_fd_pr__nfet_01v8/2 = 3            |  sky130_fd_pr__nfet_01v8/2 = 7            
  sky130_fd_pr__pfet_01v8/4 = 19           |  sky130_fd_pr__nfet_01v8/4 = 19           
  sky130_fd_pr__nfet_01v8/(1|3) = 5        |  sky130_fd_pr__nfet_01v8/(1|3) = 10       
  sky130_fd_pr__pfet_01v8/(1|3) = 7        |  sky130_fd_pr__pfet_01v8/(1|3) = 2        
  sky130_fd_pr__pfet_01v8/2 = 3            |                                           
                                           |                                           
Net: a_1560_6920#                          |Net: vp                                    
  sky130_fd_pr__nfet_01v8/(1|3) = 2        |  sky130_fd_pr__pfet_01v8/2 = 1            
                                           |  sky130_fd_pr__nfet_01v8/2 = 1            
                                           |                                           
Net: a_1560_7800#                          |Net: vm                                    
  sky130_fd_pr__pfet_01v8/(1|3) = 2        |  sky130_fd_pr__pfet_01v8/2 = 1            
                                           |  sky130_fd_pr__nfet_01v8/2 = 1            
                                           |                                           
Net: VN                                    |Net: net2                                  
  sky130_fd_pr__nfet_01v8/2 = 1            |  sky130_fd_pr__nfet_01v8/2 = 8            
  sky130_fd_pr__pfet_01v8/2 = 1            |  sky130_fd_pr__pfet_01v8/(1|3) = 2        
                                           |  sky130_fd_pr__nfet_01v8/(1|3) = 2        
                                           |                                           
Net: a_1200_9320#                          |(no matching net)                          
  sky130_fd_pr__pfet_01v8/2 = 1            |                                           
---------------------------------------------------------------------------------------

---------------------------------------------------------------------------------------
Net: a_2160_9240#                          |(no matching net)                          
  sky130_fd_pr__pfet_01v8/2 = 1            |                                           
  sky130_fd_pr__nfet_01v8/2 = 1            |                                           
                                           |                                           
Net: VP                                    |(no matching net)                          
  sky130_fd_pr__nfet_01v8/2 = 1            |                                           
  sky130_fd_pr__pfet_01v8/2 = 1            |                                           
---------------------------------------------------------------------------------------

---------------------------------------------------------------------------------------
Net: a_1080_9350#                          |(no matching net)                          
  sky130_fd_pr__pfet_01v8/(1|3) = 5        |                                           
                                           |                                           
Net: a_1080_8690#                          |(no matching net)                          
  sky130_fd_pr__nfet_01v8/(1|3) = 5        |                                           
---------------------------------------------------------------------------------------

---------------------------------------------------------------------------------------
Net: a_840_6920#                           |Net: net7                                  
  sky130_fd_pr__nfet_01v8/(1|3) = 4        |  sky130_fd_pr__nfet_01v8/(1|3) = 2        
  sky130_fd_pr__pfet_01v8/(1|3) = 2        |  sky130_fd_pr__pfet_01v8/(1|3) = 4        
                                           |                                           
Net: a_840_7800#                           |Net: net8                                  
  sky130_fd_pr__pfet_01v8/(1|3) = 4        |  sky130_fd_pr__pfet_01v8/(1|3) = 2        
  sky130_fd_pr__nfet_01v8/(1|3) = 2        |  sky130_fd_pr__nfet_01v8/(1|3) = 4        
---------------------------------------------------------------------------------------
DEVICE mismatches: Class fragments follow (with node fanout counts):
Circuit 1: selfbiasedcascode2stage.spice   |Circuit 2: selfbiasedcascode2stage_lvs.spi 

---------------------------------------------------------------------------------------
Instance: sky130_fd_pr__pfet_01v80         |Instance: sky130_fd_pr__pfet_01v8M15a      
  (1,3) = (37,6)                           |  (1,3) = (6,4)                            
  2 = 7                                    |  2 = 2                                    
  4 = 37                                   |  4 = 38                                   
                                           |                                           
Instance: sky130_fd_pr__pfet_01v821        |Instance: sky130_fd_pr__pfet_01v8Mdumb2    
  (1,3) = (38,6)                           |  (1,3) = (38,6)                           
  2 = 38                                   |  2 = 38                                   
  4 = 37                                   |  4 = 38                                   
                                           |                                           
Instance: sky130_fd_pr__pfet_01v837        |Instance: sky130_fd_pr__pfet_01v8M6        
  (1,3) = (6,3)                            |  (1,3) = (38,6)                           
  2 = 7                                    |  2 = 38                                   
  4 = 37                                   |  4 = 38                                   
                                           |                                           
Instance: sky130_fd_pr__pfet_01v856        |Instance: sky130_fd_pr__pfet_01v8M14a      
  (1,3) = (37,6)                           |  (1,3) = (38,4)                           
  2 = 37                                   |  2 = 10                                   
  4 = 37                                   |  4 = 38                                   
                                           |                                           
Instance: sky130_fd_pr__pfet_01v827        |Instance: sky130_fd_pr__pfet_01v8M9a       
  (1,3) = (6,5)                            |  (1,3) = (38,4)                           
  2 = 2                                    |  2 = 10                                   
  4 = 37                                   |  4 = 38                                   
                                           |                                           
(no matching instance)                     |Instance: sky130_fd_pr__pfet_01v8M21a      
                                           |  (1,3) = (38,4)                           
                                           |  2 = 10                                   
                                           |  4 = 38                                   
                                           |                                           
                                           |                                           
(no matching instance)                     |Instance: sky130_fd_pr__pfet_01v8M22c      
                                           |  (1,3) = (38,4)                           
                                           |  2 = 10                                   
                                           |  4 = 38                                   
                                           |                                           
                                           |                                           
(no matching instance)                     |Instance: sky130_fd_pr__pfet_01v8M20a      
                                           |  (1,3) = (12,4)                           
                                           |  2 = 10                                   
                                           |  4 = 38                                   
                                           |                                           
                                           |                                           
(no matching instance)                     |Instance: sky130_fd_pr__pfet_01v8M10a      
                                           |  (1,3) = (38,6)                           
                                           |  2 = 10                                   
                                           |  4 = 38                                   
                                           |                                           
                                           |                                           
(no matching instance)                     |Instance: sky130_fd_pr__pfet_01v8M13a      
                                           |  (1,3) = (10,6)                           
                                           |  2 = 10                                   
                                           |  4 = 38                                   
                                           |                                           
---------------------------------------------------------------------------------------

---------------------------------------------------------------------------------------
Instance: sky130_fd_pr__pfet_01v891        |(no matching instance)                     
  (1,3) = (5,3)                            |                                           
  2 = 2                                    |                                           
  4 = 37                                   |                                           
                                           |                                           
                                           |                                           
Instance: sky130_fd_pr__pfet_01v874        |(no matching instance)                     
  (1,3) = (5,3)                            |                                           
  2 = 2                                    |                                           
  4 = 37                                   |                                           
                                           |                                           
---------------------------------------------------------------------------------------

---------------------------------------------------------------------------------------
Instance: sky130_fd_pr__pfet_01v841        |(no matching instance)                     
  (1,3) = (37,5)                           |                                           
  2 = 7                                    |                                           
  4 = 37                                   |                                           
                                           |                                           
                                           |                                           
Instance: sky130_fd_pr__pfet_01v828        |(no matching instance)                     
  (1,3) = (5,3)                            |                                           
  2 = 1                                    |                                           
  4 = 37                                   |                                           
                                           |                                           
---------------------------------------------------------------------------------------

---------------------------------------------------------------------------------------
Instance: sky130_fd_pr__pfet_01v815        |(no matching instance)                     
  (1,3) = (10,4)                           |                                           
  2 = 7                                    |                                           
  4 = 37                                   |                                           
                                           |                                           
                                           |                                           
Instance: sky130_fd_pr__pfet_01v87         |(no matching instance)                     
  (1,3) = (10,4)                           |                                           
  2 = 37                                   |                                           
  4 = 37                                   |                                           
                                           |                                           
---------------------------------------------------------------------------------------

---------------------------------------------------------------------------------------
Instance: sky130_fd_pr__nfet_01v844        |Instance: sky130_fd_pr__nfet_01v8M16       
  (1,3) = (38,4)                           |  (1,3) = (38,12)                          
  2 = 38                                   |  2 = 12                                   
  4 = 38                                   |  4 = 38                                   
                                           |                                           
Instance: sky130_fd_pr__nfet_01v831        |Instance: sky130_fd_pr__nfet_01v8M15       
  (1,3) = (38,37)                          |  (1,3) = (38,38)                          
  2 = 37                                   |  2 = 38                                   
  4 = 38                                   |  4 = 38                                   
                                           |                                           
Instance: sky130_fd_pr__nfet_01v86         |Instance: sky130_fd_pr__nfet_01v8Mdummy9   
  (1,3) = (37,37)                          |  (1,3) = (38,38)                          
  2 = 37                                   |  2 = 38                                   
  4 = 38                                   |  4 = 38                                   
                                           |                                           
Instance: sky130_fd_pr__nfet_01v85         |Instance: sky130_fd_pr__nfet_01v8Mdumb5    
  (1,3) = (37,6)                           |  (1,3) = (38,4)                           
  2 = 37                                   |  2 = 38                                   
  4 = 38                                   |  4 = 38                                   
                                           |                                           
Instance: sky130_fd_pr__nfet_01v82         |Instance: sky130_fd_pr__nfet_01v8M19c      
  (1,3) = (6,3)                            |  (1,3) = (38,4)                           
  2 = 38                                   |  2 = 12                                   
  4 = 38                                   |  4 = 38                                   
                                           |                                           
Instance: sky130_fd_pr__nfet_01v854        |Instance: sky130_fd_pr__nfet_01v8M17a      
  (1,3) = (5,3)                            |  (1,3) = (38,4)                           
  2 = 38                                   |  2 = 12                                   
  4 = 38                                   |  4 = 38                                   
                                           |                                           
Instance: sky130_fd_pr__nfet_01v870        |Instance: sky130_fd_pr__nfet_01v8M1a       
  (1,3) = (10,6)                           |  (1,3) = (38,4)                           
  2 = 10                                   |  2 = 12                                   
  4 = 38                                   |  4 = 38                                   
                                           |                                           
Instance: sky130_fd_pr__nfet_01v855        |Instance: sky130_fd_pr__nfet_01v8M7a       
  (1,3) = (38,6)                           |  (1,3) = (4,4)                            
  2 = 10                                   |  2 = 2                                    
  4 = 38                                   |  4 = 38                                   
                                           |                                           
Instance: sky130_fd_pr__nfet_01v845        |Instance: sky130_fd_pr__nfet_01v8M6a       
  (1,3) = (38,4)                           |  (1,3) = (38,4)                           
  2 = 10                                   |  2 = 12                                   
  4 = 38                                   |  4 = 38                                   
                                           |                                           
Instance: sky130_fd_pr__nfet_01v830        |Instance: sky130_fd_pr__nfet_01v8Mdummy3   
  (1,3) = (4,3)                            |  (1,3) = (4,4)                            
  2 = 10                                   |  2 = 38                                   
  4 = 38                                   |  4 = 38                                   
                                           |                                           
Instance: sky130_fd_pr__nfet_01v83         |Instance: sky130_fd_pr__nfet_01v8Mdummy13  
  (1,3) = (38,2)                           |  (1,3) = (38,6)                           
  2 = 10                                   |  2 = 38                                   
  4 = 38                                   |  4 = 38                                   
                                           |                                           
Instance: sky130_fd_pr__nfet_01v81         |Instance: sky130_fd_pr__nfet_01v8M5a       
  (1,3) = (37,4)                           |  (1,3) = (12,6)                           
  2 = 10                                   |  2 = 12                                   
  4 = 38                                   |  4 = 38                                   
                                           |                                           
Instance: sky130_fd_pr__nfet_01v835        |Instance: sky130_fd_pr__nfet_01v8M2a       
  (1,3) = (38,5)                           |  (1,3) = (38,6)                           
  2 = 10                                   |  2 = 12                                   
  4 = 38                                   |  4 = 38                                   
                                           |                                           
Instance: sky130_fd_pr__nfet_01v89         |Instance: sky130_fd_pr__nfet_01v8M8a       
  (1,3) = (6,5)                            |  (1,3) = (6,4)                            
  2 = 2                                    |  2 = 2                                    
  4 = 38                                   |  4 = 38                                   
                                           |                                           
(no matching instance)                     |Instance: sky130_fd_pr__nfet_01v8Mdumb6    
                                           |  (1,3) = (10,6)                           
                                           |  2 = 38                                   
                                           |  4 = 38                                   
                                           |                                           
                                           |                                           
(no matching instance)                     |Instance: sky130_fd_pr__nfet_01v8M18a      
                                           |  (1,3) = (10,4)                           
                                           |  2 = 12                                   
                                           |  4 = 38                                   
                                           |                                           
---------------------------------------------------------------------------------------

---------------------------------------------------------------------------------------
Instance: sky130_fd_pr__nfet_01v810        |(no matching instance)                     
  (1,3) = (5,3)                            |                                           
  2 = 2                                    |                                           
  4 = 38                                   |                                           
                                           |                                           
                                           |                                           
Instance: sky130_fd_pr__nfet_01v898        |(no matching instance)                     
  (1,3) = (5,3)                            |                                           
  2 = 2                                    |                                           
  4 = 38                                   |                                           
                                           |                                           
---------------------------------------------------------------------------------------
Netlists do not match.
The top level cell failed pin matching.
