Flattening unmatched subcell m3cap50f in circuit cap8to1 (0)(18 instances)
Flattening unmatched subcell inverter_large in circuit selfbiasedcascode2stage (0)(1 instance)
Flattening unmatched subcell m3cap500f in circuit selfbiasedcascode2stage (0)(1 instance)
Flattening unmatched subcell cap8to1 in circuit bandgap_ping_pong_amp_cell.spice (0)(2 instances)
Flattening unmatched subcell selfbiasedcascode2stage in circuit bandgap_ping_pong_amp_cell.spice (0)(1 instance)
Flattening unmatched subcell selfbiasedcascode2stage_lvs in circuit bandgap_ping_pong_amp_cell_lvs.spice (1)(1 instance)
Equate elements:  no current cell.
Equate elements:  no current cell.
Equate elements:  no current cell.

Subcircuit summary:
Circuit 1: switch                          |Circuit 2: switch                          
-------------------------------------------|-------------------------------------------
sky130_fd_pr__pfet_01v8 (3)                |sky130_fd_pr__pfet_01v8 (3)                
sky130_fd_pr__nfet_01v8 (3)                |sky130_fd_pr__nfet_01v8 (3)                
Number of devices: 6                       |Number of devices: 6                       
Number of nets: 6                          |Number of nets: 6                          
---------------------------------------------------------------------------------------
Resolving automorphisms by property value.
Resolving automorphisms by pin name.
Netlists match uniquely.
Circuits match correctly.
There were property errors.
sky130_fd_pr__nfet_01v85 vs. sky130_fd_pr__nfet_01v8M1:
 w circuit1: 2   circuit2: 1   (delta=66.7%, cutoff=1%)
sky130_fd_pr__nfet_01v83 vs. sky130_fd_pr__nfet_01v8M6:
 w circuit1: 1   circuit2: 0.5   (delta=66.7%, cutoff=1%)
sky130_fd_pr__nfet_01v81 vs. sky130_fd_pr__nfet_01v8M5:
 w circuit1: 1   circuit2: 0.5   (delta=66.7%, cutoff=1%)
sky130_fd_pr__pfet_01v84 vs. sky130_fd_pr__pfet_01v8M2:
 w circuit1: 2   circuit2: 1   (delta=66.7%, cutoff=1%)
sky130_fd_pr__pfet_01v82 vs. sky130_fd_pr__pfet_01v8M3:
 w circuit1: 1   circuit2: 0.5   (delta=66.7%, cutoff=1%)
sky130_fd_pr__pfet_01v80 vs. sky130_fd_pr__pfet_01v8M4:
 w circuit1: 1   circuit2: 0.5   (delta=66.7%, cutoff=1%)

Subcircuit pins:
Circuit 1: switch                          |Circuit 2: switch                          
-------------------------------------------|-------------------------------------------
CLK                                        |CLK                                        
a_270_430#                                 |GND **Mismatch**                           
nCLK                                       |nCLK                                       
w_n220_690#                                |VDD **Mismatch**                           
A                                          |A                                          
B                                          |B                                          
---------------------------------------------------------------------------------------
Cell pin lists are equivalent.
Device classes switch and switch are equivalent.
Class bandgap_ping_pong_amp_cell.spice:  Merged 114 devices.
Class bandgap_ping_pong_amp_cell_lvs.spice:  Merged 104 devices.

Subcircuit summary:
Circuit 1: bandgap_ping_pong_amp_cell.spic |Circuit 2: bandgap_ping_pong_amp_cell_lvs. 
-------------------------------------------|-------------------------------------------
switch (7)                                 |switch (7)                                 
sky130_fd_pr__cap_mim_m3_1 (5)             |sky130_fd_pr__cap_mim_m3_1 (5)             
sky130_fd_pr__nfet_01v8 (19)               |sky130_fd_pr__nfet_01v8 (19)               
sky130_fd_pr__pfet_01v8 (19)               |sky130_fd_pr__pfet_01v8 (19)               
Number of devices: 50                      |Number of devices: 50                      
Number of nets: 27                         |Number of nets: 27                         
---------------------------------------------------------------------------------------
NET mismatches: Class fragments follow (with fanout counts):
Circuit 1: bandgap_ping_pong_amp_cell.spic |Circuit 2: bandgap_ping_pong_amp_cell_lvs. 

---------------------------------------------------------------------------------------
Net: switch_6/CLK                          |Net: Vphi1                                 
  switch/CLK = 4                           |  switch/CLK = 4                           
                                           |                                           
Net: switch_0/A                            |Net: Vnphi1                                
  switch/A = 1                             |  switch/nCLK = 4                          
  sky130_fd_pr__cap_mim_m3_1/2 = 1         |                                           
  sky130_fd_pr__nfet_01v8/2 = 1            |                                           
  sky130_fd_pr__pfet_01v8/2 = 1            |                                           
                                           |                                           
Net: switch_6/nCLK                         |Net: Vref                                  
  switch/nCLK = 4                          |  switch/A = 2                             
                                           |  switch/B = 1                             
                                           |  sky130_fd_pr__cap_mim_m3_1/1 = 1         
                                           |                                           
Net: switch_6/A                            |Net: Vnn                                   
  switch/A = 3                             |  switch/A = 1                             
  sky130_fd_pr__cap_mim_m3_1/2 = 1         |  sky130_fd_pr__pfet_01v8/2 = 1            
                                           |  sky130_fd_pr__nfet_01v8/2 = 1            
                                           |  sky130_fd_pr__cap_mim_m3_1/2 = 1         
                                           |  sky130_fd_pr__cap_mim_m3_1/1 = 1         
                                           |                                           
Net: switch_1/A                            |Net: Vpp                                   
  switch/B = 1                             |  switch/B = 1                             
  switch/A = 1                             |  sky130_fd_pr__cap_mim_m3_1/2 = 1         
  sky130_fd_pr__cap_mim_m3_1/1 = 2         |  sky130_fd_pr__pfet_01v8/2 = 1            
  sky130_fd_pr__nfet_01v8/(1|3) = 1        |  sky130_fd_pr__nfet_01v8/2 = 1            
  sky130_fd_pr__pfet_01v8/(1|3) = 1        |  sky130_fd_pr__cap_mim_m3_1/1 = 1         
  sky130_fd_pr__cap_mim_m3_1/2 = 1         |                                           
                                           |                                           
Net: switch_4/B                            |Net: net1                                  
  switch/B = 1                             |  switch/B = 2                             
  sky130_fd_pr__cap_mim_m3_1/1 = 2         |  sky130_fd_pr__pfet_01v8/(1|3) = 1        
  sky130_fd_pr__nfet_01v8/2 = 1            |  sky130_fd_pr__nfet_01v8/(1|3) = 1        
  sky130_fd_pr__pfet_01v8/2 = 1            |  sky130_fd_pr__cap_mim_m3_1/2 = 1         
                                           |  sky130_fd_pr__cap_mim_m3_1/1 = 1         
---------------------------------------------------------------------------------------

---------------------------------------------------------------------------------------
Net: switch_2/A                            |Net: net4                                  
  switch/A = 1                             |  switch/A = 1                             
                                           |                                           
Net: switch_1/B                            |Net: Vp                                    
  switch/B = 1                             |  switch/B = 1                             
---------------------------------------------------------------------------------------

---------------------------------------------------------------------------------------
Net: switch_6/B                            |Net: net3                                  
  switch/B = 2                             |  switch/A = 2                             
  sky130_fd_pr__cap_mim_m3_1/2 = 1         |  sky130_fd_pr__cap_mim_m3_1/2 = 1         
                                           |                                           
Net: switch_3/B                            |Net: Vnphi2                                
  switch/B = 2                             |  switch/nCLK = 3                          
  sky130_fd_pr__cap_mim_m3_1/2 = 1         |                                           
                                           |                                           
Net: switch_5/nCLK                         |Net: Vphi2                                 
  switch/nCLK = 3                          |  switch/CLK = 3                           
                                           |                                           
Net: switch_5/CLK                          |Net: net2                                  
  switch/CLK = 3                           |  switch/B = 2                             
                                           |  sky130_fd_pr__cap_mim_m3_1/2 = 1         
---------------------------------------------------------------------------------------

---------------------------------------------------------------------------------------
Net: selfbiasedcascode2stage_0/inverter_la |Net: GND                                   
  switch/w_n220_690# = 7                   |  switch/GND = 7                           
  sky130_fd_pr__pfet_01v8/(1|3) = 11       |  sky130_fd_pr__nfet_01v8/2 = 7            
  sky130_fd_pr__pfet_01v8/4 = 19           |  sky130_fd_pr__nfet_01v8/4 = 19           
  sky130_fd_pr__nfet_01v8/(1|3) = 2        |  sky130_fd_pr__nfet_01v8/(1|3) = 11       
  sky130_fd_pr__pfet_01v8/2 = 7            |  sky130_fd_pr__pfet_01v8/(1|3) = 2        
                                           |                                           
Net: cap8to1_1/VSUBS                       |Net: VDD                                   
  switch/a_270_430# = 7                    |  switch/VDD = 7                           
  sky130_fd_pr__nfet_01v8/(1|3) = 11       |  sky130_fd_pr__pfet_01v8/2 = 7            
  sky130_fd_pr__nfet_01v8/4 = 19           |  sky130_fd_pr__pfet_01v8/4 = 19           
  sky130_fd_pr__nfet_01v8/2 = 7            |  sky130_fd_pr__pfet_01v8/(1|3) = 11       
  sky130_fd_pr__pfet_01v8/(1|3) = 2        |  sky130_fd_pr__nfet_01v8/(1|3) = 2        
---------------------------------------------------------------------------------------
DEVICE mismatches: Class fragments follow (with node fanout counts):
Circuit 1: bandgap_ping_pong_amp_cell.spic |Circuit 2: bandgap_ping_pong_amp_cell_lvs. 

---------------------------------------------------------------------------------------
Instance: switch_6                         |Instance: switch20                         
  a_270_430# = 46                          |  GND = 46                                 
  CLK = 4                                  |  CLK = 3                                  
  w_n220_690# = 46                         |  VDD = 46                                 
  A = 4                                    |  A = 1                                    
  B = 3                                    |  B = 6                                    
  nCLK = 4                                 |  nCLK = 3                                 
                                           |                                           
Instance: switch_2                         |Instance: switch7                          
  a_270_430# = 46                          |  GND = 46                                 
  CLK = 3                                  |  CLK = 3                                  
  w_n220_690# = 46                         |  VDD = 46                                 
  A = 1                                    |  A = 3                                    
  B = 3                                    |  B = 4                                    
  nCLK = 3                                 |  nCLK = 3                                 
                                           |                                           
Instance: switch_1                         |Instance: switch5                          
  a_270_430# = 46                          |  GND = 46                                 
  CLK = 3                                  |  CLK = 4                                  
  w_n220_690# = 46                         |  VDD = 46                                 
  A = 7                                    |  A = 3                                    
  B = 1                                    |  B = 1                                    
  nCLK = 3                                 |  nCLK = 4                                 
---------------------------------------------------------------------------------------
Netlists do not match.
Netlists do not match.
The following cells had property errors: switch
