Flattening unmatched subcell dff_lower in circuit dff (0)(1 instance)
Flattening unmatched subcell dff_upper in circuit dff (0)(1 instance)
Flattening unmatched subcell p-res20k in circuit p-res8x20k (0)(8 instances)
Flattening unmatched subcell inverter_large in circuit drive_buffer (0)(1 instance)
Flattening unmatched subcell counter_b0 in circuit counter (0)(1 instance)
Flattening unmatched subcell counter_bn in circuit counter (0)(8 instances)
Flattening unmatched subcell p-res20k in circuit bandgap_pnp_thomas (0)(1 instance)
Flattening unmatched subcell p-res8x20k in circuit bandgap_pnp_thomas (0)(1 instance)
Flattening unmatched subcell inverter_large in circuit selfbiasedcascode2stage (0)(1 instance)
Flattening unmatched subcell m3cap500f in circuit selfbiasedcascode2stage (0)(1 instance)
Flattening unmatched subcell m3cap50f in circuit cap8to1 (0)(18 instances)
Flattening unmatched subcell p-res20k in circuit p-res6x20k (0)(6 instances)
Flattening unmatched subcell output_register in circuit adc_digital (0)(1 instance)
Flattening unmatched subcell drive_buffer in circuit adc_digital (0)(1 instance)
Flattening unmatched subcell counter in circuit adc_digital (0)(1 instance)
Flattening unmatched subcell inverter_large in circuit comparator (0)(2 instances)
Flattening unmatched subcell bandgap_current_mirror in circuit bandgap_thomas (0)(2 instances)
Flattening unmatched subcell bandgap_pnp_thomas in circuit bandgap_thomas (0)(1 instance)
Flattening unmatched subcell selfbiasedcascode2stage in circuit bandgap_thomas (0)(1 instance)
Flattening unmatched subcell cap8to1 in circuit bandgap_ping_pong_amp_cell (0)(2 instances)
Flattening unmatched subcell selfbiasedcascode2stage in circuit bandgap_ping_pong_amp_cell (0)(1 instance)
Flattening unmatched subcell m3cap50f in circuit middle_ping_pong_amplifier (0)(2 instances)
Flattening unmatched subcell p-res8x20k in circuit middle_ping_pong_amplifier (0)(2 instances)
Flattening unmatched subcell selfbiasedcascode2stage in circuit middle_ping_pong_amplifier (0)(1 instance)
Flattening unmatched subcell p-res6x20k in circuit middle_ping_pong_amplifier (0)(2 instances)
Flattening unmatched subcell adc_digital in circuit adc (0)(1 instance)
Flattening unmatched subcell comparator in circuit adc (0)(1 instance)
Flattening unmatched subcell selfbiasedcascode2stage in circuit adc (0)(1 instance)
Flattening unmatched subcell bandgap_thomas in circuit bandgap (0)(1 instance)
Flattening unmatched subcell selfbiasedcascode2stage in circuit bandgap (0)(3 instances)
Flattening unmatched subcell bandgap_ping_pong_amp_cell in circuit bandgap_ping_pong (0)(4 instances)
Flattening unmatched subcell middle_ping_pong_amplifier in circuit bandgap_ping_pong (0)(1 instance)
Flattening unmatched subcell cap8to1 in circuit bandgap_ping_pong (0)(4 instances)
Flattening unmatched subcell adc in circuit temperature_sensor_layout.spice (0)(1 instance)
Flattening unmatched subcell bandgap in circuit temperature_sensor_layout.spice (0)(1 instance)
Flattening unmatched subcell bandgap_ping_pong in circuit temperature_sensor_layout.spice (0)(1 instance)
Flattening unmatched subcell selfbiasedcascode2stage_lvs in circuit temperature_sensor_lvs.spice (1)(10 instances)
Flattening unmatched subcell comparator_lvs in circuit temperature_sensor_lvs.spice (1)(1 instance)
Equate elements:  no current cell.
Equate elements:  no current cell.

Subcircuit summary:
Circuit 1: inverter                        |Circuit 2: inverter                        
-------------------------------------------|-------------------------------------------
sky130_fd_pr__nfet_01v8 (1)                |sky130_fd_pr__nfet_01v8 (1)                
sky130_fd_pr__pfet_01v8 (1)                |sky130_fd_pr__pfet_01v8 (1)                
Number of devices: 2                       |Number of devices: 2                       
Number of nets: 4                          |Number of nets: 4                          
---------------------------------------------------------------------------------------
Circuits match uniquely.
Netlists match uniquely.

Subcircuit pins:
Circuit 1: inverter                        |Circuit 2: inverter                        
-------------------------------------------|-------------------------------------------
Y                                          |Y                                          
A                                          |A                                          
VP                                         |VP                                         
VN                                         |VN                                         
---------------------------------------------------------------------------------------
Cell pin lists are equivalent.
Device classes inverter and inverter are equivalent.

Subcircuit summary:
Circuit 1: nand2                           |Circuit 2: nand2                           
-------------------------------------------|-------------------------------------------
sky130_fd_pr__pfet_01v8 (2)                |sky130_fd_pr__pfet_01v8 (2)                
sky130_fd_pr__nfet_01v8 (2)                |sky130_fd_pr__nfet_01v8 (2)                
Number of devices: 4                       |Number of devices: 4                       
Number of nets: 6                          |Number of nets: 6                          
---------------------------------------------------------------------------------------
Circuits match uniquely.
Netlists match uniquely.

Subcircuit pins:
Circuit 1: nand2                           |Circuit 2: nand2                           
-------------------------------------------|-------------------------------------------
Y                                          |Y                                          
VN                                         |VN                                         
A                                          |A                                          
B                                          |B                                          
VP                                         |VP                                         
---------------------------------------------------------------------------------------
Cell pin lists are equivalent.
Device classes nand2 and nand2 are equivalent.

Subcircuit summary:
Circuit 1: and2                            |Circuit 2: and2                            
-------------------------------------------|-------------------------------------------
inverter (1)                               |inverter (1)                               
nand2 (1)                                  |nand2 (1)                                  
Number of devices: 2                       |Number of devices: 2                       
Number of nets: 6                          |Number of nets: 6                          
---------------------------------------------------------------------------------------
Circuits match uniquely.
Netlists match uniquely.

Subcircuit pins:
Circuit 1: and2                            |Circuit 2: and2                            
-------------------------------------------|-------------------------------------------
nand2_0/A                                  |A **Mismatch**                             
nand2_0/B                                  |B **Mismatch**                             
inverter_0/Y                               |Y **Mismatch**                             
nand2_0/VP                                 |VP **Mismatch**                            
VSUBS                                      |VN **Mismatch**                            
---------------------------------------------------------------------------------------
Cell pin lists are equivalent.
Device classes and2 and and2 are equivalent.
Equate elements:  no current cell.

Subcircuit summary:
Circuit 1: dff                             |Circuit 2: dff                             
-------------------------------------------|-------------------------------------------
inverter (1)                               |inverter (1)                               
and2 (2)                                   |and2 (2)                                   
nand2 (4)                                  |nand2 (4)                                  
Number of devices: 7                       |Number of devices: 7                       
Number of nets: 13                         |Number of nets: 13                         
---------------------------------------------------------------------------------------
Circuits match uniquely.
Netlists match uniquely.

Subcircuit pins:
Circuit 1: dff                             |Circuit 2: dff                             
-------------------------------------------|-------------------------------------------
dff_upper_0/nand2_0/A                      |D **Mismatch**                             
dff_upper_0/nand2_0/B                      |CLK **Mismatch**                           
Q                                          |Q                                          
dff_upper_0/nand2_2/B                      |Qn **Mismatch**                            
dff_upper_0/and2_0/nand2_0/A               |Preset **Mismatch**                        
dff_lower_0/and2_0/nand2_0/B               |Clear **Mismatch**                         
VDD                                        |VDD                                        
GND                                        |GND                                        
---------------------------------------------------------------------------------------
Cell pin lists are equivalent.
Device classes dff and dff are equivalent.
Equate elements:  no current cell.
Equate elements:  no current cell.

Subcircuit summary:
Circuit 1: switch                          |Circuit 2: switch                          
-------------------------------------------|-------------------------------------------
sky130_fd_pr__pfet_01v8 (3)                |sky130_fd_pr__pfet_01v8 (3)                
sky130_fd_pr__nfet_01v8 (3)                |sky130_fd_pr__nfet_01v8 (3)                
Number of devices: 6                       |Number of devices: 6                       
Number of nets: 6                          |Number of nets: 6                          
---------------------------------------------------------------------------------------
Resolving automorphisms by property value.
Resolving automorphisms by pin name.
Netlists match uniquely.
Circuits match correctly.
There were property errors.
sky130_fd_pr__nfet_01v85 vs. sky130_fd_pr__nfet_01v8M1:
 w circuit1: 2   circuit2: 1   (delta=66.7%, cutoff=1%)
sky130_fd_pr__nfet_01v83 vs. sky130_fd_pr__nfet_01v8M6:
 w circuit1: 1   circuit2: 0.5   (delta=66.7%, cutoff=1%)
sky130_fd_pr__nfet_01v81 vs. sky130_fd_pr__nfet_01v8M5:
 w circuit1: 1   circuit2: 0.5   (delta=66.7%, cutoff=1%)
sky130_fd_pr__pfet_01v84 vs. sky130_fd_pr__pfet_01v8M2:
 w circuit1: 2   circuit2: 1   (delta=66.7%, cutoff=1%)
sky130_fd_pr__pfet_01v82 vs. sky130_fd_pr__pfet_01v8M3:
 w circuit1: 1   circuit2: 0.5   (delta=66.7%, cutoff=1%)
sky130_fd_pr__pfet_01v80 vs. sky130_fd_pr__pfet_01v8M4:
 w circuit1: 1   circuit2: 0.5   (delta=66.7%, cutoff=1%)

Subcircuit pins:
Circuit 1: switch                          |Circuit 2: switch                          
-------------------------------------------|-------------------------------------------
CLK                                        |CLK                                        
a_270_430#                                 |GND **Mismatch**                           
nCLK                                       |nCLK                                       
w_n220_690#                                |VDD **Mismatch**                           
A                                          |A                                          
B                                          |B                                          
---------------------------------------------------------------------------------------
Cell pin lists are equivalent.
Device classes switch and switch are equivalent.

Subcircuit summary:
Circuit 1: mux2                            |Circuit 2: mux2                            
-------------------------------------------|-------------------------------------------
inverter (1)                               |inverter (1)                               
sky130_fd_pr__pfet_01v8 (2)                |sky130_fd_pr__pfet_01v8 (2)                
sky130_fd_pr__nfet_01v8 (2)                |sky130_fd_pr__nfet_01v8 (2)                
Number of devices: 5                       |Number of devices: 5                       
Number of nets: 7                          |Number of nets: 7                          
---------------------------------------------------------------------------------------
Circuits match uniquely.
Netlists match uniquely.

Subcircuit pins:
Circuit 1: mux2                            |Circuit 2: mux2                            
-------------------------------------------|-------------------------------------------
B                                          |B                                          
A                                          |A                                          
muxout                                     |Y **Mismatch**                             
inverter_0/VP                              |VDD **Mismatch**                           
inverter_0/A                               |S **Mismatch**                             
VSUBS                                      |GND **Mismatch**                           
---------------------------------------------------------------------------------------
Cell pin lists are equivalent.
Device classes mux2 and mux2 are equivalent.
Class temperature_sensor_layout.spice:  Merged 1171 devices.
Class temperature_sensor_layout.spice:  Merged 3 devices.
Class temperature_sensor_lvs.spice:  Merged 1057 devices.
Class temperature_sensor_lvs.spice:  Merged 3 devices.

Subcircuit summary:
Circuit 1: temperature_sensor_layout.spice |Circuit 2: temperature_sensor_lvs.spice    
-------------------------------------------|-------------------------------------------
switch (30)                                |switch (30)                                
dff (26)                                   |dff (26)                                   
inverter (20)                              |inverter (18) **Mismatch**                 
sky130_fd_pr__nfet_01v8 (191)              |sky130_fd_pr__nfet_01v8 (193) **Mismatch** 
sky130_fd_pr__pfet_01v8 (195)              |sky130_fd_pr__pfet_01v8 (197) **Mismatch** 
and2 (1)                                   |and2 (1)                                   
sky130_fd_pr__cap_mim_m3_1 (30)            |sky130_fd_pr__cap_mim_m3_1 (30)            
sky130_fd_pr__res_xhigh_po (6)             |sky130_fd_pr__res_xhigh_po (6)             
sky130_fd_pr__pnp_05v0 (30)                |sky130_fd_pr__pnp_05v0 (30)                
mux2 (1)                                   |mux2 (1)                                   
Number of devices: 530 **Mismatch**        |Number of devices: 532 **Mismatch**        
Number of nets: 297                        |Number of nets: 297                        
---------------------------------------------------------------------------------------
Flattening instances of inverter in cell temperature_sensor_layout.spice makes a better match
Flattening instances of inverter in cell temperature_sensor_lvs.spice makes a better match
Making another compare attempt.

Subcircuit summary:
Circuit 1: temperature_sensor_layout.spice |Circuit 2: temperature_sensor_lvs.spice    
-------------------------------------------|-------------------------------------------
switch (30)                                |switch (30)                                
dff (26)                                   |dff (26)                                   
sky130_fd_pr__nfet_01v8 (211)              |sky130_fd_pr__nfet_01v8 (211)              
sky130_fd_pr__pfet_01v8 (215)              |sky130_fd_pr__pfet_01v8 (215)              
and2 (1)                                   |and2 (1)                                   
sky130_fd_pr__cap_mim_m3_1 (30)            |sky130_fd_pr__cap_mim_m3_1 (30)            
sky130_fd_pr__res_xhigh_po (6)             |sky130_fd_pr__res_xhigh_po (6)             
sky130_fd_pr__pnp_05v0 (30)                |sky130_fd_pr__pnp_05v0 (30)                
mux2 (1)                                   |mux2 (1)                                   
Number of devices: 550                     |Number of devices: 550                     
Number of nets: 297                        |Number of nets: 297                        
---------------------------------------------------------------------------------------
Circuit 1 parallel/series network does not match Circuit 2
Circuit 1 instance /bandgap_0//bandgap_thomas_0//bandgap_pnp_thomas_0/sky130_fd_pr__pnp_05v021 network:
  area = 0.4624
Circuit 1 parallel/series network does not match Circuit 2
Circuit 1 instance /bandgap_0//bandgap_thomas_0//bandgap_pnp_thomas_0/sky130_fd_pr__pnp_05v021 network:
  area = 0.4624
Circuit 1 parallel/series network does not match Circuit 2
Circuit 1 instance /bandgap_0//bandgap_thomas_0//bandgap_pnp_thomas_0/sky130_fd_pr__pnp_05v021 network:
  area = 0.4624
Circuit 1 parallel/series network does not match Circuit 2
Circuit 1 instance /bandgap_0//bandgap_thomas_0//bandgap_pnp_thomas_0/sky130_fd_pr__pnp_05v021 network:
  area = 0.4624
Circuit 1 parallel/series network does not match Circuit 2
Circuit 1 instance /bandgap_0//bandgap_thomas_0//bandgap_pnp_thomas_0/sky130_fd_pr__pnp_05v021 network:
  area = 0.4624
Circuit 1 parallel/series network does not match Circuit 2
Circuit 1 instance /bandgap_0//bandgap_thomas_0//bandgap_pnp_thomas_0/sky130_fd_pr__pnp_05v021 network:
  area = 0.4624
Circuit 1 parallel/series network does not match Circuit 2
Circuit 1 instance /bandgap_0//bandgap_thomas_0//bandgap_pnp_thomas_0/sky130_fd_pr__pnp_05v018 network:
  area = 0.4624
Circuit 1 parallel/series network does not match Circuit 2
Circuit 1 instance /bandgap_0//bandgap_thomas_0//bandgap_pnp_thomas_0/sky130_fd_pr__pnp_05v018 network:
  area = 0.4624
Circuit 1 parallel/series network does not match Circuit 2
Circuit 1 instance /bandgap_0//bandgap_thomas_0//bandgap_pnp_thomas_0/sky130_fd_pr__pnp_05v018 network:
  area = 0.4624
Circuit 1 parallel/series network does not match Circuit 2
Circuit 1 instance /bandgap_0//bandgap_thomas_0//bandgap_pnp_thomas_0/sky130_fd_pr__pnp_05v018 network:
  area = 0.4624
Circuit 1 parallel/series network does not match Circuit 2
Circuit 1 instance /bandgap_0//bandgap_thomas_0//bandgap_pnp_thomas_0/sky130_fd_pr__pnp_05v018 network:
  area = 0.4624
Circuit 1 parallel/series network does not match Circuit 2
Circuit 1 instance /bandgap_0//bandgap_thomas_0//bandgap_pnp_thomas_0/sky130_fd_pr__pnp_05v018 network:
  area = 0.4624
Circuit 2 parallel/series network does not match Circuit 1
Circuit 1 instance /bandgap_0//bandgap_thomas_0//bandgap_pnp_thomas_0/sky130_fd_pr__pnp_05v018 network:
  area = 0.4624
Resolving automorphisms by property value.
Resolving automorphisms by pin name.
Netlists match with -1 symmetries.
Netlists do not match.
There were property errors.
Circuit 1 temperature_sensor_layout.spice instance bandgap_0//bandgap_thomas_0//bandgap_pnp_thomas_0/sky130_fd_pr__pnp_05v013 property "area" has no match in circuit 2.
Circuit 1 temperature_sensor_layout.spice instance bandgap_0//bandgap_thomas_0//bandgap_pnp_thomas_0/sky130_fd_pr__pnp_05v026 property "area" has no match in circuit 2.
Circuit 1 temperature_sensor_layout.spice instance bandgap_0//bandgap_thomas_0//bandgap_pnp_thomas_0/sky130_fd_pr__pnp_05v021 property "area" has no match in circuit 2.
Circuit 1 temperature_sensor_layout.spice instance bandgap_0//bandgap_thomas_0//bandgap_pnp_thomas_0/sky130_fd_pr__pnp_05v018 property "area" has no match in circuit 2.
Circuit 2 temperature_sensor_lvs.spice instance switch83 property "LL" has no match in circuit 1.
Circuit 2 temperature_sensor_lvs.spice instance switch84 property "LL" has no match in circuit 1.
   Networks match locally but not globally.
   Probably connections are swapped.
   Check the end of logfile comp.out for implicated nodes.
NET mismatches: Class fragments follow (with fanout counts):
Circuit 1: temperature_sensor_layout.spice |Circuit 2: temperature_sensor_lvs.spice    

---------------------------------------------------------------------------------------
Net: /bandgap_ping_pong_0//bandgap_ping_po |Net: Vpp2                                  
  switch/B = 1                             |  switch/B = 1                             
  sky130_fd_pr__cap_mim_m3_1/1 = 2         |  sky130_fd_pr__cap_mim_m3_1/1 = 2         
  sky130_fd_pr__nfet_01v8/2 = 1            |  sky130_fd_pr__pfet_01v8/2 = 1            
  sky130_fd_pr__pfet_01v8/2 = 1            |  sky130_fd_pr__nfet_01v8/2 = 1            
                                           |                                           
Net: /bandgap_ping_pong_0//bandgap_ping_po |Net: Vpp                                   
  switch/B = 1                             |  switch/B = 1                             
  sky130_fd_pr__cap_mim_m3_1/1 = 2         |  sky130_fd_pr__cap_mim_m3_1/1 = 2         
  sky130_fd_pr__nfet_01v8/2 = 1            |  sky130_fd_pr__pfet_01v8/2 = 1            
  sky130_fd_pr__pfet_01v8/2 = 1            |  sky130_fd_pr__nfet_01v8/2 = 1            
---------------------------------------------------------------------------------------

---------------------------------------------------------------------------------------
Net: /bandgap_ping_pong_0//bandgap_ping_po |Net: net13                                 
  switch/B = 2                             |  switch/B = 2                             
  sky130_fd_pr__cap_mim_m3_1/2 = 1         |  sky130_fd_pr__cap_mim_m3_1/2 = 1         
                                           |                                           
Net: /bandgap_ping_pong_0//bandgap_ping_po |Net: net9                                  
  switch/B = 2                             |  switch/B = 2                             
  sky130_fd_pr__cap_mim_m3_1/2 = 1         |  sky130_fd_pr__cap_mim_m3_1/2 = 1         
---------------------------------------------------------------------------------------
Netlists do not match.
Netlists do not match.
The following cells had property errors: switch
