Flattening unmatched subcell selfbiasedcascode2stage_lvs in circuit bandgap_lvs_simple.spice (0)(1 instance)
Equate elements:  no current cell.
Equate elements:  no current cell.
Equate elements:  no current cell.
Class bandgap_lvs_simple.spice:  Merged 73 devices.
Class bandgap_simple.spice:  Merged 73 devices.

Subcircuit summary:
Circuit 1: bandgap_lvs_simple.spice        |Circuit 2: bandgap_simple.spice            
-------------------------------------------|-------------------------------------------
sky130_fd_pr__pfet_01v8 (22)               |sky130_fd_pr__pfet_01v8 (35) **Mismatch**  
sky130_fd_pr__res_xhigh_po (1)             |(no matching element)                      
sky130_fd_pr__nfet_01v8 (19)               |sky130_fd_pr__nfet_01v8 (18) **Mismatch**  
sky130_fd_pr__cap_mim_m3_1 (1)             |sky130_fd_pr__cap_mim_m3_1 (1)             
(no matching element)                      |c (19)                                     
(no matching element)                      |inverter_large (1)                         
(no matching element)                      |**FLOATING (2)                             
Number of devices: 43 **Mismatch**         |Number of devices: 76 **Mismatch**         
Number of nets: 19 **Mismatch**            |Number of nets: 39 **Mismatch**            
---------------------------------------------------------------------------------------
NET mismatches: Class fragments follow (with fanout counts):
Circuit 1: bandgap_lvs_simple.spice        |Circuit 2: bandgap_simple.spice            

---------------------------------------------------------------------------------------
Net: Vbep                                  |Net: a_4950_n3760#                         
  sky130_fd_pr__pfet_01v8/(1|3) = 1        |  sky130_fd_pr__pfet_01v8/(1|3) = 1        
                                           |                                           
Net: net5                                  |Net: a_4950_n5930#                         
  sky130_fd_pr__res_xhigh_po/(1|2) = 1     |  sky130_fd_pr__pfet_01v8/(1|3) = 1        
                                           |                                           
Net: net1                                  |Net: a_4950_n6170#                         
  sky130_fd_pr__pfet_01v8/2 = 3            |  sky130_fd_pr__pfet_01v8/(1|3) = 1        
  sky130_fd_pr__pfet_01v8/(1|3) = 1        |                                           
  sky130_fd_pr__nfet_01v8/(1|3) = 1        |                                           
  sky130_fd_pr__cap_mim_m3_1/2 = 1         |                                           
                                           |                                           
Net: selfbiasedcascode2stage_lvs1/net8     |Net: a_4950_n1600#                         
  sky130_fd_pr__pfet_01v8/(1|3) = 2        |  sky130_fd_pr__pfet_01v8/(1|3) = 1        
  sky130_fd_pr__nfet_01v8/(1|3) = 4        |                                           
                                           |                                           
Net: selfbiasedcascode2stage_lvs1/net7     |Net: a_4950_n5690#                         
  sky130_fd_pr__nfet_01v8/(1|3) = 2        |  sky130_fd_pr__pfet_01v8/(1|3) = 1        
  sky130_fd_pr__pfet_01v8/(1|3) = 4        |                                           
                                           |                                           
Net: VDD                                   |Net: VDD                                   
  sky130_fd_pr__pfet_01v8/(1|3) = 14       |  sky130_fd_pr__pfet_01v8/(1|3) = 10       
  sky130_fd_pr__pfet_01v8/4 = 22           |  sky130_fd_pr__pfet_01v8/4 = 35           
  sky130_fd_pr__pfet_01v8/2 = 7            |  sky130_fd_pr__pfet_01v8/2 = 7            
  sky130_fd_pr__nfet_01v8/(1|3) = 2        |  sky130_fd_pr__nfet_01v8/(1|3) = 2        
                                           |  c/top = 3                                
                                           |  c/bottom = 2                             
                                           |  inverter_large/1 = 1                     
                                           |                                           
Net: net3                                  |Net: selfbiasedcascode2stage_0/m3cap500f_0 
  sky130_fd_pr__pfet_01v8/(1|3) = 1        |  sky130_fd_pr__cap_mim_m3_1/1 = 1         
  sky130_fd_pr__res_xhigh_po/(1|2) = 1     |  sky130_fd_pr__nfet_01v8/(1|3) = 1        
  sky130_fd_pr__pfet_01v8/2 = 1            |  sky130_fd_pr__pfet_01v8/(1|3) = 1        
  sky130_fd_pr__nfet_01v8/2 = 1            |  c/top = 2                                
                                           |  inverter_large/3 = 1                     
                                           |                                           
Net: selfbiasedcascode2stage_lvs1/net4     |Net: selfbiasedcascode2stage_0/a_120_4860# 
  sky130_fd_pr__pfet_01v8/(1|3) = 4        |  sky130_fd_pr__nfet_01v8/(1|3) = 4        
                                           |  c/top = 2                                
                                           |                                           
Net: selfbiasedcascode2stage_lvs1/net5     |Net: selfbiasedcascode2stage_0/a_1080_9350 
  sky130_fd_pr__pfet_01v8/(1|3) = 2        |  sky130_fd_pr__pfet_01v8/(1|3) = 4        
  sky130_fd_pr__nfet_01v8/(1|3) = 2        |                                           
                                           |                                           
Net: selfbiasedcascode2stage_lvs1/net1     |Net: selfbiasedcascode2stage_0/a_120_5930# 
  sky130_fd_pr__nfet_01v8/(1|3) = 4        |  sky130_fd_pr__pfet_01v8/(1|3) = 4        
                                           |  c/top = 1                                
                                           |                                           
Net: selfbiasedcascode2stage_lvs1/net3     |Net: selfbiasedcascode2stage_0/a_1080_8690 
  sky130_fd_pr__nfet_01v8/(1|3) = 2        |  sky130_fd_pr__nfet_01v8/(1|3) = 4        
  sky130_fd_pr__pfet_01v8/(1|3) = 2        |  c/top = 1                                
                                           |                                           
Net: selfbiasedcascode2stage_lvs1/net11    |Net: selfbiasedcascode2stage_0/Vout        
  sky130_fd_pr__pfet_01v8/(1|3) = 4        |  sky130_fd_pr__cap_mim_m3_1/2 = 1         
                                           |  sky130_fd_pr__pfet_01v8/2 = 17           
                                           |  c/bottom = 3                             
                                           |  inverter_large/4 = 1                     
                                           |  c/top = 1                                
                                           |                                           
Net: selfbiasedcascode2stage_lvs1/net12    |Net: selfbiasedcascode2stage_0/a_0_5820#   
  sky130_fd_pr__nfet_01v8/(1|3) = 4        |  sky130_fd_pr__pfet_01v8/2 = 7            
                                           |  sky130_fd_pr__nfet_01v8/(1|3) = 2        
                                           |  sky130_fd_pr__pfet_01v8/(1|3) = 1        
                                           |  c/top = 2                                
                                           |                                           
Net: GND                                   |Net: a_4950_n3520#                         
  sky130_fd_pr__res_xhigh_po/3 = 1         |  sky130_fd_pr__pfet_01v8/(1|3) = 1        
  sky130_fd_pr__nfet_01v8/2 = 7            |                                           
  sky130_fd_pr__nfet_01v8/4 = 19           |                                           
  sky130_fd_pr__nfet_01v8/(1|3) = 11       |                                           
  sky130_fd_pr__pfet_01v8/(1|3) = 2        |                                           
                                           |                                           
Net: selfbiasedcascode2stage_lvs1/net10    |Net: selfbiasedcascode2stage_0/a_n440_7350 
  sky130_fd_pr__pfet_01v8/(1|3) = 1        |  sky130_fd_pr__nfet_01v8/2 = 7            
  sky130_fd_pr__nfet_01v8/(1|3) = 1        |  sky130_fd_pr__pfet_01v8/(1|3) = 2        
  sky130_fd_pr__pfet_01v8/2 = 1            |  sky130_fd_pr__nfet_01v8/(1|3) = 1        
  sky130_fd_pr__nfet_01v8/2 = 1            |  c/top = 1                                
  sky130_fd_pr__cap_mim_m3_1/1 = 1         |                                           
                                           |                                           
(no matching net)                          |Net: VSUBS                                 
                                           |  sky130_fd_pr__nfet_01v8/4 = 18           
                                           |  sky130_fd_pr__nfet_01v8/2 = 7            
                                           |  sky130_fd_pr__nfet_01v8/(1|3) = 10       
                                           |  sky130_fd_pr__pfet_01v8/(1|3) = 2        
                                           |  inverter_large/2 = 1                     
                                           |  **FLOATING/bottom = 2                    
                                           |  c/bottom = 13                            
                                           |                                           
(no matching net)                          |Net: selfbiasedcascode2stage_0/a_840_6920# 
                                           |  sky130_fd_pr__nfet_01v8/(1|3) = 4        
                                           |  sky130_fd_pr__pfet_01v8/(1|3) = 2        
                                           |  c/top = 1                                
                                           |                                           
(no matching net)                          |Net: selfbiasedcascode2stage_0/VP          
                                           |  sky130_fd_pr__nfet_01v8/2 = 1            
                                           |  sky130_fd_pr__pfet_01v8/2 = 1            
                                           |                                           
(no matching net)                          |Net: a_4950_n4000#                         
                                           |  sky130_fd_pr__pfet_01v8/(1|3) = 2        
                                           |                                           
(no matching net)                          |Net: a_4950_n4480#                         
                                           |  sky130_fd_pr__pfet_01v8/(1|3) = 2        
                                           |                                           
(no matching net)                          |Net: a_4950_n4720#                         
                                           |  sky130_fd_pr__pfet_01v8/(1|3) = 2        
                                           |                                           
(no matching net)                          |Net: a_4950_n4240#                         
                                           |  sky130_fd_pr__pfet_01v8/(1|3) = 2        
                                           |                                           
(no matching net)                          |Net: a_4950_n1840#                         
                                           |  sky130_fd_pr__pfet_01v8/(1|3) = 2        
                                           |                                           
(no matching net)                          |Net: a_4950_n5200#                         
                                           |  sky130_fd_pr__pfet_01v8/(1|3) = 2        
                                           |                                           
(no matching net)                          |Net: a_4950_n5440#                         
                                           |  sky130_fd_pr__pfet_01v8/(1|3) = 2        
                                           |                                           
(no matching net)                          |Net: a_4950_n2320#                         
                                           |  sky130_fd_pr__pfet_01v8/(1|3) = 2        
                                           |                                           
(no matching net)                          |Net: a_4950_n2560#                         
                                           |  sky130_fd_pr__pfet_01v8/(1|3) = 2        
                                           |                                           
(no matching net)                          |Net: a_4950_n2800#                         
                                           |  sky130_fd_pr__pfet_01v8/(1|3) = 2        
                                           |                                           
(no matching net)                          |Net: a_4950_n3040#                         
                                           |  sky130_fd_pr__pfet_01v8/(1|3) = 2        
                                           |                                           
(no matching net)                          |Net: a_4950_n3280#                         
                                           |  sky130_fd_pr__pfet_01v8/(1|3) = 2        
                                           |                                           
(no matching net)                          |Net: a_4950_n4960#                         
                                           |  sky130_fd_pr__pfet_01v8/(1|3) = 2        
                                           |                                           
(no matching net)                          |Net: a_4950_n2080#                         
                                           |  sky130_fd_pr__pfet_01v8/(1|3) = 2        
                                           |                                           
(no matching net)                          |Net: selfbiasedcascode2stage_0/a_960_6890# 
                                           |  sky130_fd_pr__nfet_01v8/2 = 2            
                                           |  sky130_fd_pr__pfet_01v8/2 = 2            
                                           |  sky130_fd_pr__nfet_01v8/(1|3) = 2        
                                           |  sky130_fd_pr__pfet_01v8/(1|3) = 2        
                                           |  c/top = 1                                
---------------------------------------------------------------------------------------

---------------------------------------------------------------------------------------
(no matching net)                          |Net: selfbiasedcascode2stage_0/a_1320_8690 
                                           |  sky130_fd_pr__pfet_01v8/(1|3) = 2        
                                           |  sky130_fd_pr__nfet_01v8/(1|3) = 2        
                                           |  c/top = 1                                
                                           |                                           
(no matching net)                          |Net: selfbiasedcascode2stage_0/a_1320_9350 
                                           |  sky130_fd_pr__nfet_01v8/(1|3) = 2        
                                           |  sky130_fd_pr__pfet_01v8/(1|3) = 2        
                                           |  c/top = 1                                
---------------------------------------------------------------------------------------

---------------------------------------------------------------------------------------
(no matching net)                          |Net: li_2570_n1990#                        
                                           |  **FLOATING/top = 1                       
                                           |                                           
(no matching net)                          |Net: li_4960_n1350#                        
                                           |  **FLOATING/top = 1                       
---------------------------------------------------------------------------------------

---------------------------------------------------------------------------------------
Net: selfbiasedcascode2stage_lvs1/net2     |(no matching net)                          
  sky130_fd_pr__nfet_01v8/2 = 7            |                                           
  sky130_fd_pr__pfet_01v8/(1|3) = 2        |                                           
  sky130_fd_pr__nfet_01v8/(1|3) = 1        |                                           
                                           |                                           
Net: selfbiasedcascode2stage_lvs1/net6     |(no matching net)                          
  sky130_fd_pr__pfet_01v8/2 = 7            |                                           
  sky130_fd_pr__pfet_01v8/(1|3) = 1        |                                           
  sky130_fd_pr__nfet_01v8/(1|3) = 2        |                                           
---------------------------------------------------------------------------------------
DEVICE mismatches: Class fragments follow (with node fanout counts):
Circuit 1: bandgap_lvs_simple.spice        |Circuit 2: bandgap_simple.spice            

---------------------------------------------------------------------------------------
Instance: sky130_fd_pr__pfet_01v8M1        |Instance: sky130_fd_pr__pfet_01v88         
  (1,3) = (45,1)                           |  (1,3) = (11,5)                           
  2 = 6                                    |  2 = 60                                   
  4 = 45                                   |  4 = 60                                   
                                           |                                           
Instance: sky130_fd_pr__pfet_01v8M3        |Instance: sky130_fd_pr__pfet_01v89         
  (1,3) = (45,4)                           |  (1,3) = (60,60)                          
  2 = 6                                    |  2 = 60                                   
  4 = 45                                   |  4 = 60                                   
                                           |                                           
Instance: selfbiasedcascode2stage_lvs1/sky |Instance: sky130_fd_pr__pfet_01v816        
  (1,3) = (4,4)                            |  (1,3) = (11,5)                           
  2 = 45                                   |  2 = 12                                   
  4 = 45                                   |  4 = 60                                   
                                           |                                           
Instance: selfbiasedcascode2stage_lvs1/sky |Instance: sky130_fd_pr__pfet_01v818        
  (1,3) = (4,4)                            |  (1,3) = (60,5)                           
  2 = 4                                    |  2 = 12                                   
  4 = 45                                   |  4 = 60                                   
                                           |                                           
Instance: selfbiasedcascode2stage_lvs1/sky |Instance: sky130_fd_pr__pfet_01v820        
  (1,3) = (45,6)                           |  (1,3) = (53,5)                           
  2 = 45                                   |  2 = 12                                   
  4 = 45                                   |  4 = 60                                   
                                           |                                           
Instance: selfbiasedcascode2stage_lvs1/sky |Instance: sky130_fd_pr__pfet_01v822        
  (1,3) = (45,45)                          |  (1,3) = (60,7)                           
  2 = 45                                   |  2 = 60                                   
  4 = 45                                   |  4 = 60                                   
                                           |                                           
Instance: selfbiasedcascode2stage_lvs1/sky |Instance: sky130_fd_pr__pfet_01v837        
  (1,3) = (45,6)                           |  (1,3) = (60,53)                          
  2 = 45                                   |  2 = 60                                   
  4 = 45                                   |  4 = 60                                   
                                           |                                           
Instance: selfbiasedcascode2stage_lvs1/sky |Instance: sky130_fd_pr__pfet_01v842        
  (1,3) = (45,40)                          |  (1,3) = (60,4)                           
  2 = 45                                   |  2 = 12                                   
  4 = 45                                   |  4 = 60                                   
                                           |                                           
Instance: selfbiasedcascode2stage_lvs1/sky |Instance: sky130_fd_pr__pfet_01v844        
  (1,3) = (45,6)                           |  (1,3) = (60,9)                           
  2 = 5                                    |  2 = 60                                   
  4 = 45                                   |  4 = 60                                   
                                           |                                           
Instance: sky130_fd_pr__pfet_01v8M4        |Instance: sky130_fd_pr__pfet_01v8109       
  (1,3) = (45,3)                           |  (1,3) = (2,1)                            
  2 = 6                                    |  2 = 23                                   
  4 = 45                                   |  4 = 60                                   
                                           |                                           
Instance: selfbiasedcascode2stage_lvs1/sky |Instance: sky130_fd_pr__pfet_01v8110       
  (1,3) = (45,4)                           |  (1,3) = (2,2)                            
  2 = 10                                   |  2 = 23                                   
  4 = 45                                   |  4 = 60                                   
                                           |                                           
Instance: selfbiasedcascode2stage_lvs1/sky |Instance: sky130_fd_pr__pfet_01v8111       
  (1,3) = (45,6)                           |  (1,3) = (1,1)                            
  2 = 10                                   |  2 = 23                                   
  4 = 45                                   |  4 = 60                                   
                                           |                                           
Instance: selfbiasedcascode2stage_lvs1/sky |Instance: sky130_fd_pr__pfet_01v8112       
  (1,3) = (45,4)                           |  (1,3) = (2,2)                            
  2 = 10                                   |  2 = 23                                   
  4 = 45                                   |  4 = 60                                   
                                           |                                           
Instance: selfbiasedcascode2stage_lvs1/sky |Instance: sky130_fd_pr__pfet_01v8113       
  (1,3) = (45,4)                           |  (1,3) = (2,1)                            
  2 = 10                                   |  2 = 23                                   
  4 = 45                                   |  4 = 60                                   
                                           |                                           
Instance: selfbiasedcascode2stage_lvs1/sky |Instance: sky130_fd_pr__pfet_01v8114       
  (1,3) = (40,4)                           |  (1,3) = (2,2)                            
  2 = 10                                   |  2 = 23                                   
  4 = 45                                   |  4 = 60                                   
                                           |                                           
Instance: selfbiasedcascode2stage_lvs1/sky |Instance: sky130_fd_pr__pfet_01v8115       
  (1,3) = (8,6)                            |  (1,3) = (2,2)                            
  2 = 8                                    |  2 = 23                                   
  4 = 45                                   |  4 = 60                                   
                                           |                                           
Instance: selfbiasedcascode2stage_lvs1/sky |Instance: sky130_fd_pr__pfet_01v8116       
  (1,3) = (5,4)                            |  (1,3) = (2,2)                            
  2 = 8                                    |  2 = 23                                   
  4 = 45                                   |  4 = 60                                   
                                           |                                           
Instance: selfbiasedcascode2stage_lvs1/sky |Instance: sky130_fd_pr__pfet_01v8117       
  (1,3) = (45,8)                           |  (1,3) = (2,2)                            
  2 = 45                                   |  2 = 23                                   
  4 = 45                                   |  4 = 60                                   
                                           |                                           
Instance: selfbiasedcascode2stage_lvs1/sky |Instance: sky130_fd_pr__pfet_01v8119       
  (1,3) = (10,4)                           |  (1,3) = (2,2)                            
  2 = 45                                   |  2 = 23                                   
  4 = 45                                   |  4 = 60                                   
                                           |                                           
Instance: sky130_fd_pr__res_xhigh_poR6     |Instance: sky130_fd_pr__pfet_01v8120       
  (1,2) = (4,1)                            |  (1,3) = (2,2)                            
  3 = 40                                   |  2 = 23                                   
                                           |  4 = 60                                   
                                           |                                           
Instance: selfbiasedcascode2stage_lvs1/sky |Instance: sky130_fd_pr__pfet_01v8121       
  (1,3) = (4,4)                            |  (1,3) = (2,2)                            
  2 = 40                                   |  2 = 23                                   
  4 = 40                                   |  4 = 60                                   
                                           |                                           
Instance: selfbiasedcascode2stage_lvs1/sky |Instance: sky130_fd_pr__pfet_01v8122       
  (1,3) = (4,4)                            |  (1,3) = (2,2)                            
  2 = 4                                    |  2 = 23                                   
  4 = 40                                   |  4 = 60                                   
                                           |                                           
Instance: selfbiasedcascode2stage_lvs1/sky |Instance: sky130_fd_pr__pfet_01v8123       
  (1,3) = (40,4)                           |  (1,3) = (2,1)                            
  2 = 40                                   |  2 = 23                                   
  4 = 40                                   |  4 = 60                                   
                                           |                                           
Instance: selfbiasedcascode2stage_lvs1/sky |Instance: sky130_fd_pr__pfet_01v8124       
  (1,3) = (40,40)                          |  (1,3) = (2,2)                            
  2 = 40                                   |  2 = 23                                   
  4 = 40                                   |  4 = 60                                   
                                           |                                           
Instance: selfbiasedcascode2stage_lvs1/sky |Instance: sky130_fd_pr__pfet_01v8125       
  (1,3) = (40,6)                           |  (1,3) = (2,2)                            
  2 = 40                                   |  2 = 23                                   
  4 = 40                                   |  4 = 60                                   
                                           |                                           
Instance: selfbiasedcascode2stage_lvs1/sky |Instance: sky130_fd_pr__pfet_01v8126       
  (1,3) = (45,40)                          |  (1,3) = (2,1)                            
  2 = 40                                   |  2 = 23                                   
  4 = 40                                   |  4 = 60                                   
                                           |                                           
Instance: selfbiasedcascode2stage_lvs1/sky |Instance: sky130_fd_pr__pfet_01v85         
  (1,3) = (40,6)                           |  (1,3) = (60,5)                           
  2 = 5                                    |  2 = 12                                   
  4 = 40                                   |  4 = 60                                   
                                           |                                           
Instance: selfbiasedcascode2stage_lvs1/sky |Instance: sky130_fd_pr__pfet_01v819        
  (1,3) = (40,4)                           |  (1,3) = (6,5)                            
  2 = 10                                   |  2 = 9                                    
  4 = 40                                   |  4 = 60                                   
                                           |                                           
Instance: selfbiasedcascode2stage_lvs1/sky |Instance: sky130_fd_pr__pfet_01v829        
  (1,3) = (40,6)                           |  (1,3) = (5,4)                            
  2 = 10                                   |  2 = 60                                   
  4 = 40                                   |  4 = 60                                   
                                           |                                           
Instance: selfbiasedcascode2stage_lvs1/sky |Instance: sky130_fd_pr__pfet_01v875        
  (1,3) = (40,4)                           |  (1,3) = (5,4)                            
  2 = 10                                   |  2 = 2                                    
  4 = 40                                   |  4 = 60                                   
                                           |                                           
Instance: selfbiasedcascode2stage_lvs1/sky |Instance: sky130_fd_pr__pfet_01v81         
  (1,3) = (40,4)                           |  (1,3) = (60,8)                           
  2 = 10                                   |  2 = 12                                   
  4 = 40                                   |  4 = 60                                   
                                           |                                           
Instance: selfbiasedcascode2stage_lvs1/sky |Instance: sky130_fd_pr__pfet_01v838        
  (1,3) = (45,4)                           |  (1,3) = (12,8)                           
  2 = 10                                   |  2 = 12                                   
  4 = 40                                   |  4 = 60                                   
                                           |                                           
Instance: selfbiasedcascode2stage_lvs1/sky |Instance: sky130_fd_pr__pfet_01v857        
  (1,3) = (6,4)                            |  (1,3) = (60,8)                           
  2 = 3                                    |  2 = 60                                   
  4 = 40                                   |  4 = 60                                   
                                           |                                           
Instance: selfbiasedcascode2stage_lvs1/sky |Instance: sky130_fd_pr__pfet_01v864        
  (1,3) = (8,6)                            |  (1,3) = (9,8)                            
  2 = 8                                    |  2 = 9                                    
  4 = 40                                   |  4 = 60                                   
                                           |                                           
Instance: selfbiasedcascode2stage_lvs1/sky |Instance: sky130_fd_pr__nfet_01v82         
  (1,3) = (5,4)                            |  (1,3) = (60,6)                           
  2 = 8                                    |  2 = 11                                   
  4 = 40                                   |  4 = 53                                   
                                           |                                           
Instance: selfbiasedcascode2stage_lvs1/sky |Instance: sky130_fd_pr__nfet_01v83         
  (1,3) = (10,6)                           |  (1,3) = (12,7)                           
  2 = 40                                   |  2 = 53                                   
  4 = 40                                   |  4 = 53                                   
                                           |                                           
(no matching instance)                     |Instance: sky130_fd_pr__nfet_01v87         
                                           |  (1,3) = (53,53)                          
                                           |  2 = 53                                   
                                           |  4 = 53                                   
                                           |                                           
                                           |                                           
(no matching instance)                     |Instance: sky130_fd_pr__nfet_01v831        
                                           |  (1,3) = (12,6)                           
                                           |  2 = 11                                   
                                           |  4 = 53                                   
                                           |                                           
                                           |                                           
(no matching instance)                     |Instance: sky130_fd_pr__nfet_01v836        
                                           |  (1,3) = (53,5)                           
                                           |  2 = 11                                   
                                           |  4 = 53                                   
                                           |                                           
                                           |                                           
(no matching instance)                     |Instance: sky130_fd_pr__nfet_01v843        
                                           |  (1,3) = (53,9)                           
                                           |  2 = 53                                   
                                           |  4 = 53                                   
                                           |                                           
                                           |                                           
(no matching instance)                     |Instance: sky130_fd_pr__nfet_01v845        
                                           |  (1,3) = (53,6)                           
                                           |  2 = 53                                   
                                           |  4 = 53                                   
                                           |                                           
                                           |                                           
(no matching instance)                     |Instance: sky130_fd_pr__nfet_01v846        
                                           |  (1,3) = (53,6)                           
                                           |  2 = 11                                   
                                           |  4 = 53                                   
                                           |                                           
                                           |                                           
(no matching instance)                     |Instance: sky130_fd_pr__nfet_01v856        
                                           |  (1,3) = (53,7)                           
                                           |  2 = 11                                   
                                           |  4 = 53                                   
                                           |                                           
                                           |                                           
(no matching instance)                     |Instance: sky130_fd_pr__nfet_01v861        
                                           |  (1,3) = (9,7)                            
                                           |  2 = 9                                    
                                           |  4 = 53                                   
                                           |                                           
                                           |                                           
(no matching instance)                     |Instance: sky130_fd_pr__nfet_01v870        
                                           |  (1,3) = (60,53)                          
                                           |  2 = 53                                   
                                           |  4 = 53                                   
                                           |                                           
                                           |                                           
(no matching instance)                     |Instance: sky130_fd_pr__nfet_01v871        
                                           |  (1,3) = (11,7)                           
                                           |  2 = 11                                   
                                           |  4 = 53                                   
                                           |                                           
                                           |                                           
(no matching instance)                     |Instance: sky130_fd_pr__nfet_01v84         
                                           |  (1,3) = (53,5)                           
                                           |  2 = 11                                   
                                           |  4 = 53                                   
                                           |                                           
                                           |                                           
(no matching instance)                     |Instance: sky130_fd_pr__nfet_01v811        
                                           |  (1,3) = (5,5)                            
                                           |  2 = 2                                    
                                           |  4 = 53                                   
                                           |                                           
                                           |                                           
(no matching instance)                     |Instance: sky130_fd_pr__nfet_01v817        
                                           |  (1,3) = (6,5)                            
                                           |  2 = 9                                    
                                           |  4 = 53                                   
                                           |                                           
                                           |                                           
(no matching instance)                     |Instance: sky130_fd_pr__nfet_01v855        
                                           |  (1,3) = (5,5)                            
                                           |  2 = 53                                   
                                           |  4 = 53                                   
                                           |                                           
                                           |                                           
(no matching instance)                     |Instance: sky130_fd_pr__nfet_01v810        
                                           |  (1,3) = (8,5)                            
                                           |  2 = 3                                    
                                           |  4 = 53                                   
                                           |                                           
                                           |                                           
(no matching instance)                     |Instance: c0                               
                                           |  top = 60                                 
                                           |  bottom = 23                              
                                           |                                           
(no matching instance)                     |Instance: c1                               
                                           |  top = 12                                 
                                           |  bottom = 60                              
                                           |                                           
(no matching instance)                     |Instance: c2                               
                                           |  top = 6                                  
                                           |  bottom = 23                              
                                           |                                           
(no matching instance)                     |Instance: c5                               
                                           |  top = 6                                  
                                           |  bottom = 23                              
                                           |                                           
(no matching instance)                     |Instance: c8                               
                                           |  top = 6                                  
                                           |  bottom = 53                              
                                           |                                           
(no matching instance)                     |Instance: c9                               
                                           |  top = 5                                  
                                           |  bottom = 53                              
                                           |                                           
(no matching instance)                     |Instance: c10                              
                                           |  top = 9                                  
                                           |  bottom = 53                              
                                           |                                           
(no matching instance)                     |Instance: c12                              
                                           |  top = 5                                  
                                           |  bottom = 53                              
                                           |                                           
(no matching instance)                     |Instance: c14                              
                                           |  top = 11                                 
                                           |  bottom = 53                              
                                           |                                           
(no matching instance)                     |Instance: c16                              
                                           |  top = 7                                  
                                           |  bottom = 53                              
                                           |                                           
(no matching instance)                     |Instance: c17                              
                                           |  top = 12                                 
                                           |  bottom = 53                              
                                           |                                           
(no matching instance)                     |Instance: c18                              
                                           |  top = 23                                 
                                           |  bottom = 53                              
                                           |                                           
(no matching instance)                     |Instance: c19                              
                                           |  top = 6                                  
                                           |  bottom = 53                              
                                           |                                           
(no matching instance)                     |Instance: c20                              
                                           |  top = 60                                 
                                           |  bottom = 53                              
                                           |                                           
(no matching instance)                     |Instance: c3                               
                                           |  top = 60                                 
                                           |  bottom = 3                               
                                           |                                           
(no matching instance)                     |Instance: inverter_largeselfbiasedcascode2 
                                           |  1 = 60                                   
                                           |  2 = 53                                   
                                           |  3 = 6                                    
                                           |  4 = 23                                   
---------------------------------------------------------------------------------------

---------------------------------------------------------------------------------------
(no matching instance)                     |Instance: c15                              
                                           |  top = 5                                  
                                           |  bottom = 53                              
                                           |                                           
(no matching instance)                     |Instance: c11                              
                                           |  top = 5                                  
                                           |  bottom = 53                              
---------------------------------------------------------------------------------------

---------------------------------------------------------------------------------------
(no matching instance)                     |Instance: c13                              
                                           |  top = 8                                  
                                           |  bottom = 53                              
                                           |                                           
(no matching instance)                     |Instance: c4                               
                                           |  top = 8                                  
                                           |  bottom = 60                              
---------------------------------------------------------------------------------------

---------------------------------------------------------------------------------------
Instance: selfbiasedcascode2stage_lvs1/sky |(no matching instance)                     
  (1,3) = (10,4)                           |                                           
  2 = 10                                   |                                           
  4 = 40                                   |                                           
                                           |                                           
                                           |                                           
Instance: selfbiasedcascode2stage_lvs1/sky |(no matching instance)                     
  (1,3) = (10,6)                           |                                           
  2 = 10                                   |                                           
  4 = 40                                   |                                           
                                           |                                           
---------------------------------------------------------------------------------------

---------------------------------------------------------------------------------------
Instance: selfbiasedcascode2stage_lvs1/sky |(no matching instance)                     
  (1,3) = (10,4)                           |                                           
  2 = 10                                   |                                           
  4 = 45                                   |                                           
                                           |                                           
                                           |                                           
Instance: selfbiasedcascode2stage_lvs1/sky |(no matching instance)                     
  (1,3) = (10,6)                           |                                           
  2 = 10                                   |                                           
  4 = 45                                   |                                           
                                           |                                           
---------------------------------------------------------------------------------------

---------------------------------------------------------------------------------------
(no matching instance)                     |Instance: **FLOATING7                      
                                           |  top = 1                                  
                                           |  bottom = 53                              
                                           |                                           
(no matching instance)                     |Instance: **FLOATING6                      
                                           |  top = 1                                  
                                           |  bottom = 53                              
---------------------------------------------------------------------------------------
Netlists do not match.
The top level cell failed pin matching.
